{"/Users/arqummalik/Software Development/Trimit/TrimiT/mobile/src/repositories/authRepository.ts": {"path":"/Users/arqummalik/Software Development/Trimit/TrimiT/mobile/src/repositories/authRepository.ts","statementMap":{"0":{"start":{"line":31,"column":23},"end":{"line":31,"column":44}},"1":{"start":{"line":33,"column":2},"end":{"line":35,"column":3}},"2":{"start":{"line":34,"column":4},"end":{"line":34,"column":104}},"3":{"start":{"line":37,"column":2},"end":{"line":39,"column":3}},"4":{"start":{"line":38,"column":4},"end":{"line":38,"column":118}},"5":{"start":{"line":41,"column":2},"end":{"line":43,"column":3}},"6":{"start":{"line":42,"column":4},"end":{"line":42,"column":98}},"7":{"start":{"line":45,"column":2},"end":{"line":47,"column":3}},"8":{"start":{"line":46,"column":4},"end":{"line":46,"column":115}},"9":{"start":{"line":49,"column":2},"end":{"line":49,"column":17}},"10":{"start":{"line":53,"column":2},"end":{"line":61,"column":3}},"11":{"start":{"line":54,"column":19},"end":{"line":54,"column":81}},"12":{"start":{"line":55,"column":17},"end":{"line":55,"column":73}},"13":{"start":{"line":56,"column":23},"end":{"line":56,"column":98}},"14":{"start":{"line":57,"column":4},"end":{"line":60,"column":6}},"15":{"start":{"line":62,"column":2},"end":{"line":75,"column":3}},"16":{"start":{"line":63,"column":19},"end":{"line":63,"column":45}},"17":{"start":{"line":64,"column":19},"end":{"line":64,"column":53}},"18":{"start":{"line":66,"column":6},"end":{"line":68,"column":15}},"19":{"start":{"line":70,"column":6},"end":{"line":73,"column":47}},"20":{"start":{"line":74,"column":4},"end":{"line":74,"column":90}},"21":{"start":{"line":76,"column":2},"end":{"line":76,"column":149}},"22":{"start":{"line":118,"column":30},"end":{"line":421,"column":1}},"23":{"start":{"line":125,"column":4},"end":{"line":144,"column":5}},"24":{"start":{"line":126,"column":6},"end":{"line":126,"column":62}},"25":{"start":{"line":128,"column":32},"end":{"line":128,"column":53}},"26":{"start":{"line":129,"column":6},"end":{"line":137,"column":7}},"27":{"start":{"line":130,"column":8},"end":{"line":136,"column":10}},"28":{"start":{"line":138,"column":6},"end":{"line":143,"column":8}},"29":{"start":{"line":146,"column":59},"end":{"line":153,"column":5}},"30":{"start":{"line":155,"column":4},"end":{"line":162,"column":5}},"31":{"start":{"line":156,"column":6},"end":{"line":161,"column":8}},"32":{"start":{"line":165,"column":4},"end":{"line":165,"column":31}},"33":{"start":{"line":168,"column":4},"end":{"line":178,"column":5}},"34":{"start":{"line":169,"column":25},"end":{"line":169,"column":50}},"35":{"start":{"line":170,"column":25},"end":{"line":172,"column":7}},"36":{"start":{"line":173,"column":6},"end":{"line":175,"column":7}},"37":{"start":{"line":174,"column":8},"end":{"line":174,"column":94}},"38":{"start":{"line":181,"column":6},"end":{"line":182,"column":55}},"39":{"start":{"line":183,"column":4},"end":{"line":185,"column":5}},"40":{"start":{"line":184,"column":6},"end":{"line":184,"column":91}},"41":{"start":{"line":187,"column":4},"end":{"line":193,"column":6}},"42":{"start":{"line":208,"column":4},"end":{"line":216,"column":5}},"43":{"start":{"line":209,"column":6},"end":{"line":209,"column":48}},"44":{"start":{"line":211,"column":32},"end":{"line":211,"column":53}},"45":{"start":{"line":212,"column":23},"end":{"line":214,"column":17}},"46":{"start":{"line":215,"column":6},"end":{"line":215,"column":92}},"47":{"start":{"line":218,"column":25},"end":{"line":223,"column":5}},"48":{"start":{"line":226,"column":4},"end":{"line":240,"column":5}},"49":{"start":{"line":231,"column":20},"end":{"line":231,"column":64}},"50":{"start":{"line":232,"column":6},"end":{"line":239,"column":8}},"51":{"start":{"line":242,"column":20},"end":{"line":242,"column":100}},"52":{"start":{"line":243,"column":4},"end":{"line":251,"column":5}},"53":{"start":{"line":245,"column":6},"end":{"line":250,"column":8}},"54":{"start":{"line":253,"column":4},"end":{"line":253,"column":39}},"55":{"start":{"line":256,"column":4},"end":{"line":268,"column":5}},"56":{"start":{"line":257,"column":25},"end":{"line":257,"column":50}},"57":{"start":{"line":258,"column":25},"end":{"line":258,"column":81}},"58":{"start":{"line":259,"column":6},"end":{"line":265,"column":7}},"59":{"start":{"line":260,"column":8},"end":{"line":264,"column":10}},"60":{"start":{"line":270,"column":21},"end":{"line":276,"column":14}},"61":{"start":{"line":278,"column":4},"end":{"line":282,"column":6}},"62":{"start":{"line":289,"column":4},"end":{"line":289,"column":42}},"63":{"start":{"line":290,"column":4},"end":{"line":290,"column":16}},"64":{"start":{"line":299,"column":4},"end":{"line":319,"column":5}},"65":{"start":{"line":300,"column":23},"end":{"line":300,"column":73}},"66":{"start":{"line":301,"column":19},"end":{"line":301,"column":71}},"67":{"start":{"line":302,"column":20},"end":{"line":302,"column":56}},"68":{"start":{"line":303,"column":6},"end":{"line":307,"column":8}},"69":{"start":{"line":309,"column":32},"end":{"line":309,"column":53}},"70":{"start":{"line":310,"column":23},"end":{"line":312,"column":17}},"71":{"start":{"line":313,"column":6},"end":{"line":318,"column":8}},"72":{"start":{"line":323,"column":4},"end":{"line":339,"column":5}},"73":{"start":{"line":324,"column":6},"end":{"line":324,"column":40}},"74":{"start":{"line":325,"column":6},"end":{"line":325,"column":31}},"75":{"start":{"line":327,"column":6},"end":{"line":334,"column":7}},"76":{"start":{"line":328,"column":23},"end":{"line":328,"column":49}},"77":{"start":{"line":330,"column":10},"end":{"line":332,"column":88}},"78":{"start":{"line":333,"column":8},"end":{"line":333,"column":50}},"79":{"start":{"line":335,"column":6},"end":{"line":338,"column":8}},"80":{"start":{"line":354,"column":4},"end":{"line":388,"column":5}},"81":{"start":{"line":355,"column":23},"end":{"line":355,"column":70}},"82":{"start":{"line":356,"column":19},"end":{"line":362,"column":7}},"83":{"start":{"line":364,"column":26},"end":{"line":364,"column":51}},"84":{"start":{"line":365,"column":27},"end":{"line":365,"column":53}},"85":{"start":{"line":366,"column":30},"end":{"line":366,"column":60}},"86":{"start":{"line":367,"column":22},"end":{"line":369,"column":14}},"87":{"start":{"line":371,"column":6},"end":{"line":377,"column":8}},"88":{"start":{"line":379,"column":32},"end":{"line":379,"column":53}},"89":{"start":{"line":380,"column":6},"end":{"line":387,"column":8}},"90":{"start":{"line":402,"column":4},"end":{"line":419,"column":5}},"91":{"start":{"line":403,"column":23},"end":{"line":403,"column":62}},"92":{"start":{"line":404,"column":27},"end":{"line":404,"column":81}},"93":{"start":{"line":405,"column":22},"end":{"line":407,"column":7}},"94":{"start":{"line":408,"column":6},"end":{"line":414,"column":7}},"95":{"start":{"line":409,"column":8},"end":{"line":413,"column":10}},"96":{"start":{"line":415,"column":6},"end":{"line":415,"column":40}},"97":{"start":{"line":417,"column":32},"end":{"line":417,"column":53}},"98":{"start":{"line":418,"column":6},"end":{"line":418,"column":65}}},"fnMap":{"0":{"name":"translateMobileAuthError","decl":{"start":{"line":30,"column":9},"end":{"line":30,"column":33}},"loc":{"start":{"line":30,"column":59},"end":{"line":50,"column":1}},"line":30},"1":{"name":"parseAuthFailure","decl":{"start":{"line":52,"column":16},"end":{"line":52,"column":32}},"loc":{"start":{"line":52,"column":89},"end":{"line":77,"column":1}},"line":52},"2":{"name":"(anonymous_2)","decl":{"start":{"line":123,"column":2},"end":{"line":123,"column":3}},"loc":{"start":{"line":123,"column":68},"end":{"line":194,"column":3}},"line":123},"3":{"name":"(anonymous_3)","decl":{"start":{"line":200,"column":2},"end":{"line":200,"column":3}},"loc":{"start":{"line":206,"column":26},"end":{"line":283,"column":3}},"line":206},"4":{"name":"(anonymous_4)","decl":{"start":{"line":288,"column":2},"end":{"line":288,"column":3}},"loc":{"start":{"line":288,"column":67},"end":{"line":291,"column":3}},"line":288},"5":{"name":"(anonymous_5)","decl":{"start":{"line":293,"column":2},"end":{"line":293,"column":3}},"loc":{"start":{"line":298,"column":5},"end":{"line":320,"column":3}},"line":298},"6":{"name":"(anonymous_6)","decl":{"start":{"line":322,"column":2},"end":{"line":322,"column":3}},"loc":{"start":{"line":322,"column":71},"end":{"line":340,"column":3}},"line":322},"7":{"name":"(anonymous_7)","decl":{"start":{"line":349,"column":2},"end":{"line":349,"column":3}},"loc":{"start":{"line":353,"column":30},"end":{"line":389,"column":3}},"line":353},"8":{"name":"(anonymous_8)","decl":{"start":{"line":397,"column":2},"end":{"line":397,"column":3}},"loc":{"start":{"line":401,"column":88},"end":{"line":420,"column":3}},"line":401}},"branchMap":{"0":{"loc":{"start":{"line":33,"column":2},"end":{"line":35,"column":3}},"type":"if","locations":[{"start":{"line":33,"column":2},"end":{"line":35,"column":3}},{"start":{},"end":{}}],"line":33},"1":{"loc":{"start":{"line":33,"column":6},"end":{"line":33,"column":149}},"type":"binary-expr","locations":[{"start":{"line":33,"column":6},"end":{"line":33,"column":39}},{"start":{"line":33,"column":43},"end":{"line":33,"column":78}},{"start":{"line":33,"column":82},"end":{"line":33,"column":112}},{"start":{"line":33,"column":116},"end":{"line":33,"column":149}}],"line":33},"2":{"loc":{"start":{"line":37,"column":2},"end":{"line":39,"column":3}},"type":"if","locations":[{"start":{"line":37,"column":2},"end":{"line":39,"column":3}},{"start":{},"end":{}}],"line":37},"3":{"loc":{"start":{"line":37,"column":6},"end":{"line":37,"column":205}},"type":"binary-expr","locations":[{"start":{"line":37,"column":6},"end":{"line":37,"column":53}},{"start":{"line":37,"column":57},"end":{"line":37,"column":93}},{"start":{"line":37,"column":97},"end":{"line":37,"column":133}},{"start":{"line":37,"column":138},"end":{"line":37,"column":168}},{"start":{"line":37,"column":172},"end":{"line":37,"column":204}}],"line":37},"4":{"loc":{"start":{"line":41,"column":2},"end":{"line":43,"column":3}},"type":"if","locations":[{"start":{"line":41,"column":2},"end":{"line":43,"column":3}},{"start":{},"end":{}}],"line":41},"5":{"loc":{"start":{"line":41,"column":6},"end":{"line":41,"column":210}},"type":"binary-expr","locations":[{"start":{"line":41,"column":6},"end":{"line":41,"column":56}},{"start":{"line":41,"column":61},"end":{"line":41,"column":97}},{"start":{"line":41,"column":101},"end":{"line":41,"column":133}},{"start":{"line":41,"column":138},"end":{"line":41,"column":172}},{"start":{"line":41,"column":176},"end":{"line":41,"column":210}}],"line":41},"6":{"loc":{"start":{"line":45,"column":2},"end":{"line":47,"column":3}},"type":"if","locations":[{"start":{"line":45,"column":2},"end":{"line":47,"column":3}},{"start":{},"end":{}}],"line":45},"7":{"loc":{"start":{"line":45,"column":6},"end":{"line":45,"column":163}},"type":"binary-expr","locations":[{"start":{"line":45,"column":6},"end":{"line":45,"column":44}},{"start":{"line":45,"column":48},"end":{"line":45,"column":80}},{"start":{"line":45,"column":84},"end":{"line":45,"column":119}},{"start":{"line":45,"column":123},"end":{"line":45,"column":163}}],"line":45},"8":{"loc":{"start":{"line":53,"column":2},"end":{"line":61,"column":3}},"type":"if","locations":[{"start":{"line":53,"column":2},"end":{"line":61,"column":3}},{"start":{},"end":{}}],"line":53},"9":{"loc":{"start":{"line":55,"column":18},"end":{"line":55,"column":55}},"type":"binary-expr","locations":[{"start":{"line":55,"column":18},"end":{"line":55,"column":30}},{"start":{"line":55,"column":34},"end":{"line":55,"column":42}},{"start":{"line":55,"column":46},"end":{"line":55,"column":55}}],"line":55},"10":{"loc":{"start":{"line":56,"column":23},"end":{"line":56,"column":98}},"type":"binary-expr","locations":[{"start":{"line":56,"column":23},"end":{"line":56,"column":34}},{"start":{"line":56,"column":38},"end":{"line":56,"column":53}},{"start":{"line":56,"column":57},"end":{"line":56,"column":98}}],"line":56},"11":{"loc":{"start":{"line":62,"column":2},"end":{"line":75,"column":3}},"type":"if","locations":[{"start":{"line":62,"column":2},"end":{"line":75,"column":3}},{"start":{},"end":{}}],"line":62},"12":{"loc":{"start":{"line":66,"column":6},"end":{"line":68,"column":15}},"type":"binary-expr","locations":[{"start":{"line":66,"column":7},"end":{"line":66,"column":33}},{"start":{"line":66,"column":37},"end":{"line":66,"column":49}},{"start":{"line":67,"column":7},"end":{"line":67,"column":33}},{"start":{"line":67,"column":37},"end":{"line":67,"column":49}},{"start":{"line":68,"column":6},"end":{"line":68,"column":15}}],"line":66},"13":{"loc":{"start":{"line":70,"column":6},"end":{"line":73,"column":47}},"type":"binary-expr","locations":[{"start":{"line":70,"column":7},"end":{"line":70,"column":33}},{"start":{"line":70,"column":37},"end":{"line":70,"column":52}},{"start":{"line":71,"column":7},"end":{"line":71,"column":33}},{"start":{"line":71,"column":37},"end":{"line":71,"column":52}},{"start":{"line":72,"column":7},"end":{"line":72,"column":33}},{"start":{"line":72,"column":37},"end":{"line":72,"column":43}},{"start":{"line":73,"column":6},"end":{"line":73,"column":47}}],"line":70},"14":{"loc":{"start":{"line":129,"column":6},"end":{"line":137,"column":7}},"type":"if","locations":[{"start":{"line":129,"column":6},"end":{"line":137,"column":7}},{"start":{},"end":{}}],"line":129},"15":{"loc":{"start":{"line":141,"column":15},"end":{"line":141,"column":72}},"type":"binary-expr","locations":[{"start":{"line":141,"column":15},"end":{"line":141,"column":22}},{"start":{"line":141,"column":26},"end":{"line":141,"column":72}}],"line":141},"16":{"loc":{"start":{"line":142,"column":19},"end":{"line":142,"column":67}},"type":"cond-expr","locations":[{"start":{"line":142,"column":46},"end":{"line":142,"column":60}},{"start":{"line":142,"column":63},"end":{"line":142,"column":67}}],"line":142},"17":{"loc":{"start":{"line":155,"column":4},"end":{"line":162,"column":5}},"type":"if","locations":[{"start":{"line":155,"column":4},"end":{"line":162,"column":5}},{"start":{},"end":{}}],"line":155},"18":{"loc":{"start":{"line":173,"column":6},"end":{"line":175,"column":7}},"type":"if","locations":[{"start":{"line":173,"column":6},"end":{"line":175,"column":7}},{"start":{},"end":{}}],"line":173},"19":{"loc":{"start":{"line":174,"column":70},"end":{"line":174,"column":91}},"type":"binary-expr","locations":[{"start":{"line":174,"column":70},"end":{"line":174,"column":83}},{"start":{"line":174,"column":87},"end":{"line":174,"column":91}}],"line":174},"20":{"loc":{"start":{"line":181,"column":6},"end":{"line":182,"column":55}},"type":"binary-expr","locations":[{"start":{"line":181,"column":6},"end":{"line":181,"column":58}},{"start":{"line":182,"column":6},"end":{"line":182,"column":55}}],"line":181},"21":{"loc":{"start":{"line":183,"column":4},"end":{"line":185,"column":5}},"type":"if","locations":[{"start":{"line":183,"column":4},"end":{"line":185,"column":5}},{"start":{},"end":{}}],"line":183},"22":{"loc":{"start":{"line":184,"column":67},"end":{"line":184,"column":88}},"type":"binary-expr","locations":[{"start":{"line":184,"column":67},"end":{"line":184,"column":80}},{"start":{"line":184,"column":84},"end":{"line":184,"column":88}}],"line":184},"23":{"loc":{"start":{"line":190,"column":20},"end":{"line":190,"column":41}},"type":"binary-expr","locations":[{"start":{"line":190,"column":20},"end":{"line":190,"column":33}},{"start":{"line":190,"column":37},"end":{"line":190,"column":41}}],"line":190},"24":{"loc":{"start":{"line":212,"column":23},"end":{"line":214,"column":17}},"type":"cond-expr","locations":[{"start":{"line":213,"column":10},"end":{"line":213,"column":49}},{"start":{"line":214,"column":10},"end":{"line":214,"column":17}}],"line":212},"25":{"loc":{"start":{"line":226,"column":4},"end":{"line":240,"column":5}},"type":"if","locations":[{"start":{"line":226,"column":4},"end":{"line":240,"column":5}},{"start":{},"end":{}}],"line":226},"26":{"loc":{"start":{"line":227,"column":6},"end":{"line":229,"column":50}},"type":"binary-expr","locations":[{"start":{"line":227,"column":6},"end":{"line":227,"column":29}},{"start":{"line":228,"column":6},"end":{"line":228,"column":57}},{"start":{"line":229,"column":6},"end":{"line":229,"column":50}}],"line":227},"27":{"loc":{"start":{"line":237,"column":15},"end":{"line":237,"column":89}},"type":"binary-expr","locations":[{"start":{"line":237,"column":15},"end":{"line":237,"column":35}},{"start":{"line":237,"column":39},"end":{"line":237,"column":89}}],"line":237},"28":{"loc":{"start":{"line":238,"column":19},"end":{"line":238,"column":69}},"type":"binary-expr","locations":[{"start":{"line":238,"column":19},"end":{"line":238,"column":36}},{"start":{"line":238,"column":40},"end":{"line":238,"column":69}}],"line":238},"29":{"loc":{"start":{"line":243,"column":4},"end":{"line":251,"column":5}},"type":"if","locations":[{"start":{"line":243,"column":4},"end":{"line":251,"column":5}},{"start":{},"end":{}}],"line":243},"30":{"loc":{"start":{"line":259,"column":6},"end":{"line":265,"column":7}},"type":"if","locations":[{"start":{"line":259,"column":6},"end":{"line":265,"column":7}},{"start":{},"end":{}}],"line":259},"31":{"loc":{"start":{"line":263,"column":24},"end":{"line":263,"column":53}},"type":"binary-expr","locations":[{"start":{"line":263,"column":24},"end":{"line":263,"column":45}},{"start":{"line":263,"column":49},"end":{"line":263,"column":53}}],"line":263},"32":{"loc":{"start":{"line":281,"column":20},"end":{"line":281,"column":49}},"type":"binary-expr","locations":[{"start":{"line":281,"column":20},"end":{"line":281,"column":41}},{"start":{"line":281,"column":45},"end":{"line":281,"column":49}}],"line":281},"33":{"loc":{"start":{"line":310,"column":23},"end":{"line":312,"column":17}},"type":"cond-expr","locations":[{"start":{"line":311,"column":10},"end":{"line":311,"column":49}},{"start":{"line":312,"column":10},"end":{"line":312,"column":17}}],"line":310},"34":{"loc":{"start":{"line":327,"column":6},"end":{"line":334,"column":7}},"type":"if","locations":[{"start":{"line":327,"column":6},"end":{"line":334,"column":7}},{"start":{},"end":{}}],"line":327},"35":{"loc":{"start":{"line":330,"column":10},"end":{"line":332,"column":88}},"type":"binary-expr","locations":[{"start":{"line":330,"column":11},"end":{"line":330,"column":37}},{"start":{"line":330,"column":41},"end":{"line":330,"column":56}},{"start":{"line":331,"column":11},"end":{"line":331,"column":37}},{"start":{"line":331,"column":41},"end":{"line":331,"column":47}},{"start":{"line":332,"column":10},"end":{"line":332,"column":88}}],"line":330},"36":{"loc":{"start":{"line":364,"column":26},"end":{"line":364,"column":51}},"type":"binary-expr","locations":[{"start":{"line":364,"column":26},"end":{"line":364,"column":43}},{"start":{"line":364,"column":47},"end":{"line":364,"column":51}}],"line":364},"37":{"loc":{"start":{"line":365,"column":27},"end":{"line":365,"column":53}},"type":"binary-expr","locations":[{"start":{"line":365,"column":27},"end":{"line":365,"column":45}},{"start":{"line":365,"column":49},"end":{"line":365,"column":53}}],"line":365},"38":{"loc":{"start":{"line":366,"column":30},"end":{"line":366,"column":60}},"type":"binary-expr","locations":[{"start":{"line":366,"column":30},"end":{"line":366,"column":51}},{"start":{"line":366,"column":55},"end":{"line":366,"column":60}}],"line":366},"39":{"loc":{"start":{"line":367,"column":22},"end":{"line":369,"column":14}},"type":"cond-expr","locations":[{"start":{"line":368,"column":10},"end":{"line":368,"column":84}},{"start":{"line":369,"column":10},"end":{"line":369,"column":14}}],"line":367},"40":{"loc":{"start":{"line":408,"column":6},"end":{"line":414,"column":7}},"type":"if","locations":[{"start":{"line":408,"column":6},"end":{"line":414,"column":7}},{"start":{},"end":{}}],"line":408}},"s":{"0":14,"1":14,"2":3,"3":11,"4":3,"5":8,"6":1,"7":7,"8":1,"9":6,"10":16,"11":11,"12":11,"13":11,"14":11,"15":5,"16":3,"17":3,"18":3,"19":3,"20":3,"21":2,"22":2,"23":7,"24":7,"25":2,"26":2,"27":1,"28":1,"29":5,"30":5,"31":1,"32":4,"33":4,"34":4,"35":2,"36":2,"37":2,"38":2,"39":2,"40":1,"41":1,"42":7,"43":7,"44":1,"45":1,"46":1,"47":6,"48":6,"49":2,"50":2,"51":4,"52":4,"53":1,"54":3,"55":3,"56":3,"57":2,"58":2,"59":2,"60":1,"61":1,"62":1,"63":1,"64":3,"65":3,"66":2,"67":2,"68":2,"69":1,"70":1,"71":1,"72":3,"73":3,"74":1,"75":2,"76":1,"77":1,"78":1,"79":1,"80":4,"81":4,"82":3,"83":3,"84":3,"85":3,"86":3,"87":3,"88":1,"89":1,"90":3,"91":3,"92":2,"93":2,"94":2,"95":1,"96":1,"97":1,"98":1},"f":{"0":14,"1":16,"2":7,"3":7,"4":1,"5":3,"6":3,"7":4,"8":3},"b":{"0":[3,11],"1":[14,11,11,11],"2":[3,8],"3":[11,10,9,8,0],"4":[1,7],"5":[8,7,0,7,7],"6":[1,6],"7":[7,6,6,6],"8":[11,5],"9":[11,10,5],"10":[11,0,0],"11":[3,2],"12":[3,2,1,0,1],"13":[3,2,1,0,1,1,0],"14":[1,1],"15":[1,0],"16":[1,0],"17":[1,4],"18":[2,0],"19":[2,1],"20":[2,1],"21":[1,1],"22":[1,1],"23":[1,1],"24":[1,0],"25":[2,4],"26":[6,4,4],"27":[2,0],"28":[2,0],"29":[1,3],"30":[2,0],"31":[2,1],"32":[1,1],"33":[1,0],"34":[1,1],"35":[1,0,1,1,0],"36":[3,0],"37":[3,1],"38":[3,1],"39":[1,2],"40":[1,1]},"_coverageSchema":"1a1c01bbd47fc00a2c39e90264f33305004495a9","hash":"5bb84378fb30abb318d26a0d9d210db52896b399"}
,"/Users/arqummalik/Software Development/Trimit/TrimiT/mobile/src/screens/auth/CompleteProfileScreen.tsx": {"path":"/Users/arqummalik/Software Development/Trimit/TrimiT/mobile/src/screens/auth/CompleteProfileScreen.tsx","statementMap":{"0":{"start":{"line":13,"column":22},"end":{"line":20,"column":2}},"1":{"start":{"line":17,"column":45},"end":{"line":17,"column":57}},"2":{"start":{"line":25,"column":20},"end":{"line":25,"column":30}},"3":{"start":{"line":26,"column":17},"end":{"line":26,"column":66}},"4":{"start":{"line":26,"column":37},"end":{"line":26,"column":56}},"5":{"start":{"line":27,"column":57},"end":{"line":27,"column":71}},"6":{"start":{"line":28,"column":42},"end":{"line":28,"column":57}},"7":{"start":{"line":29,"column":38},"end":{"line":29,"column":67}},"8":{"start":{"line":31,"column":20},"end":{"line":31,"column":38}},"9":{"start":{"line":39,"column":6},"end":{"line":47,"column":4}},"10":{"start":{"line":49,"column":23},"end":{"line":49,"column":36}},"11":{"start":{"line":50,"column":24},"end":{"line":50,"column":46}},"12":{"start":{"line":52,"column":19},"end":{"line":70,"column":3}},"13":{"start":{"line":53,"column":4},"end":{"line":53,"column":17}},"14":{"start":{"line":54,"column":4},"end":{"line":54,"column":24}},"15":{"start":{"line":55,"column":4},"end":{"line":55,"column":26}},"16":{"start":{"line":57,"column":19},"end":{"line":61,"column":6}},"17":{"start":{"line":63,"column":4},"end":{"line":65,"column":5}},"18":{"start":{"line":64,"column":6},"end":{"line":64,"column":66}},"19":{"start":{"line":69,"column":4},"end":{"line":69,"column":27}},"20":{"start":{"line":72,"column":2},"end":{"line":204,"column":4}},"21":{"start":{"line":94,"column":29},"end":{"line":94,"column":57}},"22":{"start":{"line":112,"column":29},"end":{"line":112,"column":54}},"23":{"start":{"line":135,"column":16},"end":{"line":143,"column":18}},"24":{"start":{"line":153,"column":16},"end":{"line":161,"column":18}},"25":{"start":{"line":168,"column":27},"end":{"line":168,"column":94}},"26":{"start":{"line":195,"column":27},"end":{"line":195,"column":35}},"27":{"start":{"line":207,"column":21},"end":{"line":346,"column":2}},"28":{"start":{"line":207,"column":37},"end":{"line":346,"column":2}}},"fnMap":{"0":{"name":"(anonymous_0)","decl":{"start":{"line":17,"column":36},"end":{"line":17,"column":37}},"loc":{"start":{"line":17,"column":45},"end":{"line":17,"column":57}},"line":17},"1":{"name":"CompleteProfileScreen","decl":{"start":{"line":24,"column":24},"end":{"line":24,"column":45}},"loc":{"start":{"line":24,"column":93},"end":{"line":205,"column":1}},"line":24},"2":{"name":"(anonymous_2)","decl":{"start":{"line":26,"column":31},"end":{"line":26,"column":32}},"loc":{"start":{"line":26,"column":37},"end":{"line":26,"column":56}},"line":26},"3":{"name":"(anonymous_3)","decl":{"start":{"line":52,"column":19},"end":{"line":52,"column":20}},"loc":{"start":{"line":52,"column":52},"end":{"line":70,"column":3}},"line":52},"4":{"name":"(anonymous_4)","decl":{"start":{"line":94,"column":23},"end":{"line":94,"column":24}},"loc":{"start":{"line":94,"column":29},"end":{"line":94,"column":57}},"line":94},"5":{"name":"(anonymous_5)","decl":{"start":{"line":112,"column":23},"end":{"line":112,"column":24}},"loc":{"start":{"line":112,"column":29},"end":{"line":112,"column":54}},"line":112},"6":{"name":"(anonymous_6)","decl":{"start":{"line":134,"column":22},"end":{"line":134,"column":23}},"loc":{"start":{"line":135,"column":16},"end":{"line":143,"column":18}},"line":135},"7":{"name":"(anonymous_7)","decl":{"start":{"line":152,"column":22},"end":{"line":152,"column":23}},"loc":{"start":{"line":153,"column":16},"end":{"line":161,"column":18}},"line":153},"8":{"name":"(anonymous_8)","decl":{"start":{"line":168,"column":21},"end":{"line":168,"column":22}},"loc":{"start":{"line":168,"column":27},"end":{"line":168,"column":94}},"line":168},"9":{"name":"(anonymous_9)","decl":{"start":{"line":195,"column":21},"end":{"line":195,"column":22}},"loc":{"start":{"line":195,"column":27},"end":{"line":195,"column":35}},"line":195},"10":{"name":"(anonymous_10)","decl":{"start":{"line":207,"column":21},"end":{"line":207,"column":22}},"loc":{"start":{"line":207,"column":37},"end":{"line":346,"column":2}},"line":207}},"branchMap":{"0":{"loc":{"start":{"line":31,"column":20},"end":{"line":31,"column":38}},"type":"binary-expr","locations":[{"start":{"line":31,"column":20},"end":{"line":31,"column":32}},{"start":{"line":31,"column":36},"end":{"line":31,"column":38}}],"line":31},"1":{"loc":{"start":{"line":42,"column":12},"end":{"line":42,"column":41}},"type":"binary-expr","locations":[{"start":{"line":42,"column":12},"end":{"line":42,"column":35}},{"start":{"line":42,"column":39},"end":{"line":42,"column":41}}],"line":42},"2":{"loc":{"start":{"line":43,"column":13},"end":{"line":43,"column":43}},"type":"binary-expr","locations":[{"start":{"line":43,"column":13},"end":{"line":43,"column":37}},{"start":{"line":43,"column":41},"end":{"line":43,"column":43}}],"line":43},"3":{"loc":{"start":{"line":44,"column":12},"end":{"line":44,"column":49}},"type":"binary-expr","locations":[{"start":{"line":44,"column":12},"end":{"line":44,"column":35}},{"start":{"line":44,"column":39},"end":{"line":44,"column":49}}],"line":44},"4":{"loc":{"start":{"line":59,"column":13},"end":{"line":59,"column":36}},"type":"binary-expr","locations":[{"start":{"line":59,"column":13},"end":{"line":59,"column":23}},{"start":{"line":59,"column":27},"end":{"line":59,"column":36}}],"line":59},"5":{"loc":{"start":{"line":63,"column":4},"end":{"line":65,"column":5}},"type":"if","locations":[{"start":{"line":63,"column":4},"end":{"line":65,"column":5}},{"start":{},"end":{}}],"line":63},"6":{"loc":{"start":{"line":64,"column":20},"end":{"line":64,"column":64}},"type":"binary-expr","locations":[{"start":{"line":64,"column":20},"end":{"line":64,"column":32}},{"start":{"line":64,"column":36},"end":{"line":64,"column":64}}],"line":64},"7":{"loc":{"start":{"line":75,"column":16},"end":{"line":75,"column":61}},"type":"cond-expr","locations":[{"start":{"line":75,"column":40},"end":{"line":75,"column":49}},{"start":{"line":75,"column":52},"end":{"line":75,"column":61}}],"line":75},"8":{"loc":{"start":{"line":83,"column":9},"end":{"line":87,"column":9}},"type":"binary-expr","locations":[{"start":{"line":83,"column":10},"end":{"line":83,"column":15}},{"start":{"line":83,"column":19},"end":{"line":83,"column":29}},{"start":{"line":84,"column":10},"end":{"line":86,"column":17}}],"line":83},"9":{"loc":{"start":{"line":85,"column":44},"end":{"line":85,"column":63}},"type":"binary-expr","locations":[{"start":{"line":85,"column":44},"end":{"line":85,"column":54}},{"start":{"line":85,"column":58},"end":{"line":85,"column":63}}],"line":85},"10":{"loc":{"start":{"line":93,"column":39},"end":{"line":93,"column":91}},"type":"binary-expr","locations":[{"start":{"line":93,"column":39},"end":{"line":93,"column":66}},{"start":{"line":93,"column":70},"end":{"line":93,"column":91}}],"line":93},"11":{"loc":{"start":{"line":97,"column":50},"end":{"line":97,"column":107}},"type":"binary-expr","locations":[{"start":{"line":97,"column":50},"end":{"line":97,"column":77}},{"start":{"line":97,"column":81},"end":{"line":97,"column":107}}],"line":97},"12":{"loc":{"start":{"line":100,"column":25},"end":{"line":100,"column":104}},"type":"cond-expr","locations":[{"start":{"line":100,"column":55},"end":{"line":100,"column":75}},{"start":{"line":100,"column":78},"end":{"line":100,"column":104}}],"line":100},"13":{"loc":{"start":{"line":104,"column":46},"end":{"line":104,"column":99}},"type":"binary-expr","locations":[{"start":{"line":104,"column":46},"end":{"line":104,"column":73}},{"start":{"line":104,"column":77},"end":{"line":104,"column":99}}],"line":104},"14":{"loc":{"start":{"line":111,"column":39},"end":{"line":111,"column":88}},"type":"binary-expr","locations":[{"start":{"line":111,"column":39},"end":{"line":111,"column":63}},{"start":{"line":111,"column":67},"end":{"line":111,"column":88}}],"line":111},"15":{"loc":{"start":{"line":115,"column":50},"end":{"line":115,"column":104}},"type":"binary-expr","locations":[{"start":{"line":115,"column":50},"end":{"line":115,"column":74}},{"start":{"line":115,"column":78},"end":{"line":115,"column":104}}],"line":115},"16":{"loc":{"start":{"line":118,"column":25},"end":{"line":118,"column":101}},"type":"cond-expr","locations":[{"start":{"line":118,"column":52},"end":{"line":118,"column":72}},{"start":{"line":118,"column":75},"end":{"line":118,"column":101}}],"line":118},"17":{"loc":{"start":{"line":122,"column":46},"end":{"line":122,"column":96}},"type":"binary-expr","locations":[{"start":{"line":122,"column":46},"end":{"line":122,"column":70}},{"start":{"line":122,"column":74},"end":{"line":122,"column":96}}],"line":122},"18":{"loc":{"start":{"line":128,"column":11},"end":{"line":128,"column":90}},"type":"binary-expr","locations":[{"start":{"line":128,"column":11},"end":{"line":128,"column":22}},{"start":{"line":128,"column":26},"end":{"line":128,"column":90}}],"line":128},"19":{"loc":{"start":{"line":171,"column":43},"end":{"line":171,"column":82}},"type":"binary-expr","locations":[{"start":{"line":171,"column":43},"end":{"line":171,"column":56}},{"start":{"line":171,"column":60},"end":{"line":171,"column":82}}],"line":171},"20":{"loc":{"start":{"line":172,"column":15},"end":{"line":172,"column":71}},"type":"binary-expr","locations":[{"start":{"line":172,"column":15},"end":{"line":172,"column":28}},{"start":{"line":172,"column":32},"end":{"line":172,"column":71}}],"line":172},"21":{"loc":{"start":{"line":179,"column":11},"end":{"line":183,"column":11}},"type":"binary-expr","locations":[{"start":{"line":179,"column":11},"end":{"line":179,"column":31}},{"start":{"line":180,"column":12},"end":{"line":182,"column":19}}],"line":179},"22":{"loc":{"start":{"line":215,"column":16},"end":{"line":215,"column":61}},"type":"cond-expr","locations":[{"start":{"line":215,"column":40},"end":{"line":215,"column":42}},{"start":{"line":215,"column":45},"end":{"line":215,"column":61}}],"line":215}},"s":{"0":2,"1":14,"2":42,"3":42,"4":12,"5":42,"6":42,"7":42,"8":42,"9":42,"10":42,"11":42,"12":42,"13":5,"14":5,"15":5,"16":5,"17":5,"18":1,"19":5,"20":42,"21":1,"22":3,"23":50,"24":43,"25":6,"26":1,"27":2,"28":12},"f":{"0":14,"1":42,"2":12,"3":5,"4":1,"5":3,"6":50,"7":43,"8":6,"9":1,"10":12},"b":{"0":[42,0],"1":[42,40],"2":[42,42],"3":[42,40],"4":[5,4],"5":[1,4],"6":[1,0],"7":[42,0],"8":[42,40,3],"9":[3,2],"10":[42,33],"11":[42,33],"12":[33,9],"13":[42,33],"14":[42,9],"15":[42,9],"16":[9,33],"17":[42,9],"18":[42,0],"19":[42,12],"20":[42,12],"21":[42,2],"22":[12,0]},"_coverageSchema":"1a1c01bbd47fc00a2c39e90264f33305004495a9","hash":"10b2aeedb5503486ea31fb1e8270c1ba76ee82d5"}
,"/Users/arqummalik/Software Development/Trimit/TrimiT/mobile/src/screens/auth/LoginScreen.tsx": {"path":"/Users/arqummalik/Software Development/Trimit/TrimiT/mobile/src/screens/auth/LoginScreen.tsx","statementMap":{"0":{"start":{"line":39,"column":20},"end":{"line":39,"column":48}},"1":{"start":{"line":47,"column":35},"end":{"line":47,"column":37}},"2":{"start":{"line":48,"column":2},"end":{"line":52,"column":3}},"3":{"start":{"line":49,"column":4},"end":{"line":49,"column":40}},"4":{"start":{"line":50,"column":9},"end":{"line":52,"column":3}},"5":{"start":{"line":51,"column":4},"end":{"line":51,"column":50}},"6":{"start":{"line":53,"column":2},"end":{"line":57,"column":3}},"7":{"start":{"line":54,"column":4},"end":{"line":54,"column":46}},"8":{"start":{"line":55,"column":9},"end":{"line":57,"column":3}},"9":{"start":{"line":56,"column":4},"end":{"line":56,"column":64}},"10":{"start":{"line":58,"column":2},"end":{"line":58,"column":16}},"11":{"start":{"line":67,"column":49},"end":{"line":308,"column":1}},"12":{"start":{"line":68,"column":20},"end":{"line":68,"column":30}},"13":{"start":{"line":69,"column":17},"end":{"line":69,"column":60}},"14":{"start":{"line":69,"column":31},"end":{"line":69,"column":50}},"15":{"start":{"line":77,"column":6},"end":{"line":77,"column":20}},"16":{"start":{"line":78,"column":44},"end":{"line":78,"column":59}},"17":{"start":{"line":80,"column":28},"end":{"line":80,"column":40}},"18":{"start":{"line":81,"column":34},"end":{"line":81,"column":46}},"19":{"start":{"line":82,"column":42},"end":{"line":82,"column":57}},"20":{"start":{"line":83,"column":38},"end":{"line":83,"column":52}},"21":{"start":{"line":84,"column":40},"end":{"line":84,"column":70}},"22":{"start":{"line":86,"column":28},"end":{"line":93,"column":3}},"23":{"start":{"line":88,"column":6},"end":{"line":88,"column":22}},"24":{"start":{"line":89,"column":6},"end":{"line":89,"column":81}},"25":{"start":{"line":89,"column":29},"end":{"line":89,"column":81}},"26":{"start":{"line":89,"column":52},"end":{"line":89,"column":78}},"27":{"start":{"line":90,"column":6},"end":{"line":90,"column":34}},"28":{"start":{"line":90,"column":21},"end":{"line":90,"column":34}},"29":{"start":{"line":95,"column":31},"end":{"line":102,"column":3}},"30":{"start":{"line":97,"column":6},"end":{"line":97,"column":25}},"31":{"start":{"line":98,"column":6},"end":{"line":98,"column":87}},"32":{"start":{"line":98,"column":32},"end":{"line":98,"column":87}},"33":{"start":{"line":98,"column":55},"end":{"line":98,"column":84}},"34":{"start":{"line":99,"column":6},"end":{"line":99,"column":34}},"35":{"start":{"line":99,"column":21},"end":{"line":99,"column":34}},"36":{"start":{"line":104,"column":30},"end":{"line":149,"column":3}},"37":{"start":{"line":105,"column":4},"end":{"line":108,"column":5}},"38":{"start":{"line":106,"column":6},"end":{"line":106,"column":74}},"39":{"start":{"line":107,"column":6},"end":{"line":107,"column":13}},"40":{"start":{"line":109,"column":4},"end":{"line":112,"column":5}},"41":{"start":{"line":110,"column":6},"end":{"line":110,"column":64}},"42":{"start":{"line":111,"column":6},"end":{"line":111,"column":13}},"43":{"start":{"line":116,"column":28},"end":{"line":116,"column":54}},"44":{"start":{"line":117,"column":4},"end":{"line":121,"column":7}},"45":{"start":{"line":124,"column":18},"end":{"line":124,"column":41}},"46":{"start":{"line":125,"column":19},"end":{"line":125,"column":55}},"47":{"start":{"line":128,"column":18},"end":{"line":128,"column":39}},"48":{"start":{"line":129,"column":29},"end":{"line":129,"column":93}},"49":{"start":{"line":129,"column":66},"end":{"line":129,"column":92}},"50":{"start":{"line":131,"column":4},"end":{"line":143,"column":5}},"51":{"start":{"line":133,"column":6},"end":{"line":142,"column":9}},"52":{"start":{"line":145,"column":4},"end":{"line":148,"column":5}},"53":{"start":{"line":151,"column":22},"end":{"line":168,"column":3}},"54":{"start":{"line":153,"column":19},"end":{"line":153,"column":48}},"55":{"start":{"line":154,"column":4},"end":{"line":157,"column":5}},"56":{"start":{"line":155,"column":6},"end":{"line":155,"column":29}},"57":{"start":{"line":156,"column":6},"end":{"line":156,"column":13}},"58":{"start":{"line":160,"column":19},"end":{"line":160,"column":54}},"59":{"start":{"line":161,"column":4},"end":{"line":167,"column":5}},"60":{"start":{"line":164,"column":6},"end":{"line":166,"column":7}},"61":{"start":{"line":165,"column":8},"end":{"line":165,"column":64}},"62":{"start":{"line":170,"column":2},"end":{"line":307,"column":4}},"63":{"start":{"line":209,"column":18},"end":{"line":209,"column":41}},"64":{"start":{"line":210,"column":33},"end":{"line":210,"column":71}},"65":{"start":{"line":211,"column":18},"end":{"line":211,"column":42}},"66":{"start":{"line":212,"column":18},"end":{"line":226,"column":19}},"67":{"start":{"line":213,"column":20},"end":{"line":218,"column":22}},"68":{"start":{"line":220,"column":20},"end":{"line":225,"column":22}},"69":{"start":{"line":239,"column":35},"end":{"line":239,"column":55}},"70":{"start":{"line":253,"column":39},"end":{"line":253,"column":62}},"71":{"start":{"line":262,"column":33},"end":{"line":262,"column":63}},"72":{"start":{"line":273,"column":33},"end":{"line":273,"column":104}},"73":{"start":{"line":291,"column":16},"end":{"line":291,"column":43}},"74":{"start":{"line":292,"column":16},"end":{"line":292,"column":35}},"75":{"start":{"line":293,"column":16},"end":{"line":293,"column":29}},"76":{"start":{"line":310,"column":21},"end":{"line":402,"column":2}},"77":{"start":{"line":310,"column":39},"end":{"line":402,"column":2}}},"fnMap":{"0":{"name":"validateForm","decl":{"start":{"line":46,"column":9},"end":{"line":46,"column":21}},"loc":{"start":{"line":46,"column":73},"end":{"line":59,"column":1}},"line":46},"1":{"name":"(anonymous_1)","decl":{"start":{"line":67,"column":49},"end":{"line":67,"column":50}},"loc":{"start":{"line":67,"column":69},"end":{"line":308,"column":1}},"line":67},"2":{"name":"(anonymous_2)","decl":{"start":{"line":69,"column":25},"end":{"line":69,"column":26}},"loc":{"start":{"line":69,"column":31},"end":{"line":69,"column":50}},"line":69},"3":{"name":"(anonymous_3)","decl":{"start":{"line":87,"column":4},"end":{"line":87,"column":5}},"loc":{"start":{"line":87,"column":23},"end":{"line":91,"column":5}},"line":87},"4":{"name":"(anonymous_4)","decl":{"start":{"line":89,"column":44},"end":{"line":89,"column":45}},"loc":{"start":{"line":89,"column":52},"end":{"line":89,"column":78}},"line":89},"5":{"name":"(anonymous_5)","decl":{"start":{"line":96,"column":4},"end":{"line":96,"column":5}},"loc":{"start":{"line":96,"column":23},"end":{"line":100,"column":5}},"line":96},"6":{"name":"(anonymous_6)","decl":{"start":{"line":98,"column":47},"end":{"line":98,"column":48}},"loc":{"start":{"line":98,"column":55},"end":{"line":98,"column":84}},"line":98},"7":{"name":"(anonymous_7)","decl":{"start":{"line":104,"column":30},"end":{"line":104,"column":31}},"loc":{"start":{"line":104,"column":42},"end":{"line":149,"column":3}},"line":104},"8":{"name":"(anonymous_8)","decl":{"start":{"line":129,"column":57},"end":{"line":129,"column":58}},"loc":{"start":{"line":129,"column":66},"end":{"line":129,"column":92}},"line":129},"9":{"name":"(anonymous_9)","decl":{"start":{"line":151,"column":22},"end":{"line":151,"column":23}},"loc":{"start":{"line":151,"column":34},"end":{"line":168,"column":3}},"line":151},"10":{"name":"(anonymous_10)","decl":{"start":{"line":208,"column":25},"end":{"line":208,"column":26}},"loc":{"start":{"line":208,"column":37},"end":{"line":227,"column":17}},"line":208},"11":{"name":"(anonymous_11)","decl":{"start":{"line":239,"column":28},"end":{"line":239,"column":29}},"loc":{"start":{"line":239,"column":35},"end":{"line":239,"column":55}},"line":239},"12":{"name":"(anonymous_12)","decl":{"start":{"line":253,"column":32},"end":{"line":253,"column":33}},"loc":{"start":{"line":253,"column":39},"end":{"line":253,"column":62}},"line":253},"13":{"name":"(anonymous_13)","decl":{"start":{"line":262,"column":27},"end":{"line":262,"column":28}},"loc":{"start":{"line":262,"column":33},"end":{"line":262,"column":63}},"line":262},"14":{"name":"(anonymous_14)","decl":{"start":{"line":273,"column":27},"end":{"line":273,"column":28}},"loc":{"start":{"line":273,"column":33},"end":{"line":273,"column":104}},"line":273},"15":{"name":"(anonymous_15)","decl":{"start":{"line":290,"column":23},"end":{"line":290,"column":24}},"loc":{"start":{"line":290,"column":29},"end":{"line":294,"column":15}},"line":290},"16":{"name":"(anonymous_16)","decl":{"start":{"line":310,"column":21},"end":{"line":310,"column":22}},"loc":{"start":{"line":310,"column":39},"end":{"line":402,"column":2}},"line":310}},"branchMap":{"0":{"loc":{"start":{"line":48,"column":2},"end":{"line":52,"column":3}},"type":"if","locations":[{"start":{"line":48,"column":2},"end":{"line":52,"column":3}},{"start":{"line":50,"column":9},"end":{"line":52,"column":3}}],"line":48},"1":{"loc":{"start":{"line":50,"column":9},"end":{"line":52,"column":3}},"type":"if","locations":[{"start":{"line":50,"column":9},"end":{"line":52,"column":3}},{"start":{},"end":{}}],"line":50},"2":{"loc":{"start":{"line":53,"column":2},"end":{"line":57,"column":3}},"type":"if","locations":[{"start":{"line":53,"column":2},"end":{"line":57,"column":3}},{"start":{"line":55,"column":9},"end":{"line":57,"column":3}}],"line":53},"3":{"loc":{"start":{"line":55,"column":9},"end":{"line":57,"column":3}},"type":"if","locations":[{"start":{"line":55,"column":9},"end":{"line":57,"column":3}},{"start":{},"end":{}}],"line":55},"4":{"loc":{"start":{"line":89,"column":6},"end":{"line":89,"column":81}},"type":"if","locations":[{"start":{"line":89,"column":6},"end":{"line":89,"column":81}},{"start":{},"end":{}}],"line":89},"5":{"loc":{"start":{"line":90,"column":6},"end":{"line":90,"column":34}},"type":"if","locations":[{"start":{"line":90,"column":6},"end":{"line":90,"column":34}},{"start":{},"end":{}}],"line":90},"6":{"loc":{"start":{"line":98,"column":6},"end":{"line":98,"column":87}},"type":"if","locations":[{"start":{"line":98,"column":6},"end":{"line":98,"column":87}},{"start":{},"end":{}}],"line":98},"7":{"loc":{"start":{"line":99,"column":6},"end":{"line":99,"column":34}},"type":"if","locations":[{"start":{"line":99,"column":6},"end":{"line":99,"column":34}},{"start":{},"end":{}}],"line":99},"8":{"loc":{"start":{"line":105,"column":4},"end":{"line":108,"column":5}},"type":"if","locations":[{"start":{"line":105,"column":4},"end":{"line":108,"column":5}},{"start":{},"end":{}}],"line":105},"9":{"loc":{"start":{"line":109,"column":4},"end":{"line":112,"column":5}},"type":"if","locations":[{"start":{"line":109,"column":4},"end":{"line":112,"column":5}},{"start":{},"end":{}}],"line":109},"10":{"loc":{"start":{"line":129,"column":29},"end":{"line":129,"column":93}},"type":"binary-expr","locations":[{"start":{"line":129,"column":29},"end":{"line":129,"column":35}},{"start":{"line":129,"column":39},"end":{"line":129,"column":93}}],"line":129},"11":{"loc":{"start":{"line":131,"column":4},"end":{"line":143,"column":5}},"type":"if","locations":[{"start":{"line":131,"column":4},"end":{"line":143,"column":5}},{"start":{},"end":{}}],"line":131},"12":{"loc":{"start":{"line":139,"column":25},"end":{"line":139,"column":61}},"type":"cond-expr","locations":[{"start":{"line":139,"column":42},"end":{"line":139,"column":51}},{"start":{"line":139,"column":54},"end":{"line":139,"column":61}}],"line":139},"13":{"loc":{"start":{"line":145,"column":4},"end":{"line":148,"column":5}},"type":"if","locations":[{"start":{"line":145,"column":4},"end":{"line":148,"column":5}},{"start":{},"end":{}}],"line":145},"14":{"loc":{"start":{"line":154,"column":4},"end":{"line":157,"column":5}},"type":"if","locations":[{"start":{"line":154,"column":4},"end":{"line":157,"column":5}},{"start":{},"end":{}}],"line":154},"15":{"loc":{"start":{"line":161,"column":4},"end":{"line":167,"column":5}},"type":"if","locations":[{"start":{"line":161,"column":4},"end":{"line":167,"column":5}},{"start":{},"end":{}}],"line":161},"16":{"loc":{"start":{"line":164,"column":6},"end":{"line":166,"column":7}},"type":"if","locations":[{"start":{"line":164,"column":6},"end":{"line":166,"column":7}},{"start":{},"end":{}}],"line":164},"17":{"loc":{"start":{"line":174,"column":18},"end":{"line":174,"column":62}},"type":"cond-expr","locations":[{"start":{"line":174,"column":42},"end":{"line":174,"column":51}},{"start":{"line":174,"column":54},"end":{"line":174,"column":62}}],"line":174},"18":{"loc":{"start":{"line":186,"column":40},"end":{"line":186,"column":88}},"type":"cond-expr","locations":[{"start":{"line":186,"column":53},"end":{"line":186,"column":71}},{"start":{"line":186,"column":74},"end":{"line":186,"column":88}}],"line":186},"19":{"loc":{"start":{"line":188,"column":15},"end":{"line":188,"column":106}},"type":"cond-expr","locations":[{"start":{"line":188,"column":28},"end":{"line":188,"column":72}},{"start":{"line":188,"column":75},"end":{"line":188,"column":106}}],"line":188},"20":{"loc":{"start":{"line":195,"column":13},"end":{"line":202,"column":13}},"type":"binary-expr","locations":[{"start":{"line":195,"column":13},"end":{"line":195,"column":22}},{"start":{"line":196,"column":14},"end":{"line":201,"column":16}}],"line":195},"21":{"loc":{"start":{"line":204,"column":13},"end":{"line":233,"column":20}},"type":"cond-expr","locations":[{"start":{"line":205,"column":14},"end":{"line":232,"column":33}},{"start":{"line":233,"column":16},"end":{"line":233,"column":20}}],"line":204},"22":{"loc":{"start":{"line":207,"column":26},"end":{"line":207,"column":69}},"type":"binary-expr","locations":[{"start":{"line":207,"column":26},"end":{"line":207,"column":39}},{"start":{"line":207,"column":43},"end":{"line":207,"column":52}},{"start":{"line":207,"column":56},"end":{"line":207,"column":69}}],"line":207},"23":{"loc":{"start":{"line":212,"column":18},"end":{"line":226,"column":19}},"type":"if","locations":[{"start":{"line":212,"column":18},"end":{"line":226,"column":19}},{"start":{"line":219,"column":25},"end":{"line":226,"column":19}}],"line":212},"24":{"loc":{"start":{"line":214,"column":22},"end":{"line":216,"column":70}},"type":"cond-expr","locations":[{"start":{"line":215,"column":26},"end":{"line":215,"column":66}},{"start":{"line":216,"column":26},"end":{"line":216,"column":70}}],"line":214},"25":{"loc":{"start":{"line":221,"column":22},"end":{"line":223,"column":61}},"type":"binary-expr","locations":[{"start":{"line":221,"column":22},"end":{"line":221,"column":73}},{"start":{"line":222,"column":24},"end":{"line":222,"column":36}},{"start":{"line":223,"column":24},"end":{"line":223,"column":61}}],"line":221},"26":{"loc":{"start":{"line":230,"column":19},"end":{"line":230,"column":75}},"type":"cond-expr","locations":[{"start":{"line":230,"column":35},"end":{"line":230,"column":45}},{"start":{"line":230,"column":48},"end":{"line":230,"column":75}}],"line":230},"27":{"loc":{"start":{"line":247,"column":13},"end":{"line":279,"column":13}},"type":"binary-expr","locations":[{"start":{"line":247,"column":13},"end":{"line":247,"column":24}},{"start":{"line":248,"column":14},"end":{"line":278,"column":21}}],"line":247},"28":{"loc":{"start":{"line":266,"column":26},"end":{"line":266,"column":74}},"type":"cond-expr","locations":[{"start":{"line":266,"column":41},"end":{"line":266,"column":58}},{"start":{"line":266,"column":61},"end":{"line":266,"column":74}}],"line":266},"29":{"loc":{"start":{"line":282,"column":21},"end":{"line":282,"column":70}},"type":"cond-expr","locations":[{"start":{"line":282,"column":34},"end":{"line":282,"column":58}},{"start":{"line":282,"column":61},"end":{"line":282,"column":70}}],"line":282},"30":{"loc":{"start":{"line":283,"column":23},"end":{"line":283,"column":69}},"type":"cond-expr","locations":[{"start":{"line":283,"column":36},"end":{"line":283,"column":55}},{"start":{"line":283,"column":58},"end":{"line":283,"column":69}}],"line":283},"31":{"loc":{"start":{"line":298,"column":17},"end":{"line":298,"column":84}},"type":"cond-expr","locations":[{"start":{"line":298,"column":30},"end":{"line":298,"column":63}},{"start":{"line":298,"column":66},"end":{"line":298,"column":84}}],"line":298}},"s":{"0":2,"1":5,"2":5,"3":1,"4":4,"5":0,"6":5,"7":1,"8":4,"9":1,"10":5,"11":2,"12":39,"13":39,"14":14,"15":39,"16":39,"17":39,"18":39,"19":39,"20":39,"21":39,"22":39,"23":10,"24":10,"25":1,"26":1,"27":10,"28":0,"29":39,"30":4,"31":4,"32":0,"33":0,"34":4,"35":0,"36":39,"37":5,"38":1,"39":1,"40":4,"41":1,"42":1,"43":3,"44":3,"45":3,"46":3,"47":3,"48":3,"49":3,"50":3,"51":2,"52":3,"53":39,"54":5,"55":5,"56":2,"57":2,"58":3,"59":3,"60":2,"61":1,"62":39,"63":2,"64":2,"65":2,"66":2,"67":2,"68":0,"69":10,"70":4,"71":0,"72":0,"73":5,"74":5,"75":5,"76":2,"77":14},"f":{"0":5,"1":39,"2":14,"3":10,"4":1,"5":4,"6":0,"7":5,"8":3,"9":5,"10":2,"11":10,"12":4,"13":0,"14":0,"15":5,"16":14},"b":{"0":[1,4],"1":[0,4],"2":[1,4],"3":[1,3],"4":[1,9],"5":[0,10],"6":[0,4],"7":[0,4],"8":[1,4],"9":[1,3],"10":[3,3],"11":[2,1],"12":[1,1],"13":[1,2],"14":[2,3],"15":[2,1],"16":[1,1],"17":[39,0],"18":[24,15],"19":[24,15],"20":[39,1],"21":[6,33],"22":[6,6,6],"23":[2,0],"24":[1,1],"25":[0,0,0],"26":[0,6],"27":[39,15],"28":[0,15],"29":[24,15],"30":[24,15],"31":[24,15]},"_coverageSchema":"1a1c01bbd47fc00a2c39e90264f33305004495a9","hash":"6c0603d2446a555315c085fb927ce4747c80c135"}
,"/Users/arqummalik/Software Development/Trimit/TrimiT/mobile/src/screens/auth/VerifyOtpScreen.tsx": {"path":"/Users/arqummalik/Software Development/Trimit/TrimiT/mobile/src/screens/auth/VerifyOtpScreen.tsx","statementMap":{"0":{"start":{"line":46,"column":70},"end":{"line":127,"column":1}},"1":{"start":{"line":57,"column":40},"end":{"line":57,"column":52}},"2":{"start":{"line":58,"column":44},"end":{"line":58,"column":59}},"3":{"start":{"line":59,"column":19},"end":{"line":59,"column":70}},"4":{"start":{"line":61,"column":2},"end":{"line":88,"column":48}},"5":{"start":{"line":62,"column":4},"end":{"line":65,"column":5}},"6":{"start":{"line":63,"column":6},"end":{"line":63,"column":38}},"7":{"start":{"line":64,"column":6},"end":{"line":64,"column":30}},"8":{"start":{"line":67,"column":4},"end":{"line":67,"column":33}},"9":{"start":{"line":67,"column":26},"end":{"line":67,"column":33}},"10":{"start":{"line":69,"column":4},"end":{"line":80,"column":13}},"11":{"start":{"line":70,"column":6},"end":{"line":79,"column":9}},"12":{"start":{"line":71,"column":8},"end":{"line":77,"column":9}},"13":{"start":{"line":72,"column":10},"end":{"line":75,"column":11}},"14":{"start":{"line":73,"column":12},"end":{"line":73,"column":44}},"15":{"start":{"line":74,"column":12},"end":{"line":74,"column":36}},"16":{"start":{"line":76,"column":10},"end":{"line":76,"column":19}},"17":{"start":{"line":78,"column":8},"end":{"line":78,"column":24}},"18":{"start":{"line":82,"column":4},"end":{"line":87,"column":6}},"19":{"start":{"line":83,"column":6},"end":{"line":86,"column":7}},"20":{"start":{"line":84,"column":8},"end":{"line":84,"column":40}},"21":{"start":{"line":85,"column":8},"end":{"line":85,"column":32}},"22":{"start":{"line":90,"column":23},"end":{"line":107,"column":3}},"23":{"start":{"line":91,"column":4},"end":{"line":91,"column":17}},"24":{"start":{"line":92,"column":4},"end":{"line":92,"column":29}},"25":{"start":{"line":93,"column":4},"end":{"line":93,"column":27}},"26":{"start":{"line":95,"column":19},"end":{"line":95,"column":39}},"27":{"start":{"line":97,"column":4},"end":{"line":97,"column":28}},"28":{"start":{"line":99,"column":4},"end":{"line":106,"column":5}},"29":{"start":{"line":100,"column":6},"end":{"line":100,"column":70}},"30":{"start":{"line":101,"column":6},"end":{"line":101,"column":25}},"31":{"start":{"line":102,"column":6},"end":{"line":102,"column":33}},"32":{"start":{"line":103,"column":6},"end":{"line":103,"column":24}},"33":{"start":{"line":105,"column":6},"end":{"line":105,"column":85}},"34":{"start":{"line":109,"column":2},"end":{"line":126,"column":4}},"35":{"start":{"line":130,"column":26},"end":{"line":130,"column":38}},"36":{"start":{"line":131,"column":20},"end":{"line":131,"column":30}},"37":{"start":{"line":132,"column":17},"end":{"line":132,"column":60}},"38":{"start":{"line":132,"column":31},"end":{"line":132,"column":50}},"39":{"start":{"line":134,"column":74},"end":{"line":134,"column":88}},"40":{"start":{"line":136,"column":26},"end":{"line":136,"column":63}},"41":{"start":{"line":137,"column":38},"end":{"line":137,"column":77}},"42":{"start":{"line":138,"column":40},"end":{"line":138,"column":81}},"43":{"start":{"line":139,"column":44},"end":{"line":139,"column":59}},"44":{"start":{"line":142,"column":20},"end":{"line":149,"column":3}},"45":{"start":{"line":152,"column":2},"end":{"line":155,"column":19}},"46":{"start":{"line":153,"column":4},"end":{"line":153,"column":17}},"47":{"start":{"line":154,"column":4},"end":{"line":154,"column":30}},"48":{"start":{"line":154,"column":17},"end":{"line":154,"column":29}},"49":{"start":{"line":159,"column":2},"end":{"line":180,"column":59}},"50":{"start":{"line":160,"column":41},"end":{"line":160,"column":53}},"51":{"start":{"line":162,"column":4},"end":{"line":179,"column":5}},"52":{"start":{"line":164,"column":6},"end":{"line":164,"column":28}},"53":{"start":{"line":165,"column":6},"end":{"line":165,"column":30}},"54":{"start":{"line":166,"column":6},"end":{"line":166,"column":31}},"55":{"start":{"line":167,"column":6},"end":{"line":167,"column":68}},"56":{"start":{"line":168,"column":11},"end":{"line":179,"column":5}},"57":{"start":{"line":170,"column":6},"end":{"line":170,"column":28}},"58":{"start":{"line":171,"column":6},"end":{"line":171,"column":29}},"59":{"start":{"line":172,"column":6},"end":{"line":172,"column":97}},"60":{"start":{"line":173,"column":11},"end":{"line":179,"column":5}},"61":{"start":{"line":175,"column":6},"end":{"line":175,"column":28}},"62":{"start":{"line":176,"column":6},"end":{"line":176,"column":30}},"63":{"start":{"line":177,"column":6},"end":{"line":177,"column":31}},"64":{"start":{"line":178,"column":6},"end":{"line":178,"column":68}},"65":{"start":{"line":183,"column":2},"end":{"line":197,"column":44}},"66":{"start":{"line":184,"column":26},"end":{"line":184,"column":38}},"67":{"start":{"line":185,"column":4},"end":{"line":185,"column":43}},"68":{"start":{"line":185,"column":36},"end":{"line":185,"column":43}},"69":{"start":{"line":187,"column":25},"end":{"line":194,"column":13}},"70":{"start":{"line":189,"column":6},"end":{"line":193,"column":7}},"71":{"start":{"line":190,"column":8},"end":{"line":190,"column":30}},"72":{"start":{"line":191,"column":8},"end":{"line":191,"column":31}},"73":{"start":{"line":192,"column":8},"end":{"line":192,"column":126}},"74":{"start":{"line":196,"column":4},"end":{"line":196,"column":44}},"75":{"start":{"line":196,"column":17},"end":{"line":196,"column":43}},"76":{"start":{"line":199,"column":27},"end":{"line":220,"column":3}},"77":{"start":{"line":200,"column":4},"end":{"line":200,"column":29}},"78":{"start":{"line":201,"column":4},"end":{"line":201,"column":17}},"79":{"start":{"line":203,"column":24},"end":{"line":203,"column":51}},"80":{"start":{"line":204,"column":4},"end":{"line":209,"column":5}},"81":{"start":{"line":205,"column":22},"end":{"line":205,"column":43}},"82":{"start":{"line":206,"column":6},"end":{"line":206,"column":23}},"83":{"start":{"line":207,"column":6},"end":{"line":207,"column":36}},"84":{"start":{"line":208,"column":6},"end":{"line":208,"column":13}},"85":{"start":{"line":211,"column":20},"end":{"line":211,"column":41}},"86":{"start":{"line":212,"column":20},"end":{"line":212,"column":29}},"87":{"start":{"line":213,"column":4},"end":{"line":213,"column":29}},"88":{"start":{"line":214,"column":4},"end":{"line":214,"column":21}},"89":{"start":{"line":217,"column":4},"end":{"line":219,"column":5}},"90":{"start":{"line":218,"column":6},"end":{"line":218,"column":44}},"91":{"start":{"line":222,"column":25},"end":{"line":230,"column":3}},"92":{"start":{"line":224,"column":4},"end":{"line":229,"column":5}},"93":{"start":{"line":225,"column":22},"end":{"line":225,"column":31}},"94":{"start":{"line":226,"column":6},"end":{"line":226,"column":30}},"95":{"start":{"line":227,"column":6},"end":{"line":227,"column":23}},"96":{"start":{"line":228,"column":6},"end":{"line":228,"column":44}},"97":{"start":{"line":232,"column":23},"end":{"line":262,"column":3}},"98":{"start":{"line":233,"column":21},"end":{"line":233,"column":34}},"99":{"start":{"line":234,"column":4},"end":{"line":237,"column":5}},"100":{"start":{"line":235,"column":6},"end":{"line":235,"column":62}},"101":{"start":{"line":236,"column":6},"end":{"line":236,"column":13}},"102":{"start":{"line":239,"column":19},"end":{"line":239,"column":57}},"103":{"start":{"line":240,"column":4},"end":{"line":261,"column":5}},"104":{"start":{"line":241,"column":6},"end":{"line":258,"column":7}},"105":{"start":{"line":243,"column":22},"end":{"line":243,"column":50}},"106":{"start":{"line":244,"column":8},"end":{"line":248,"column":9}},"107":{"start":{"line":245,"column":10},"end":{"line":245,"column":58}},"108":{"start":{"line":247,"column":10},"end":{"line":247,"column":69}},"109":{"start":{"line":250,"column":22},"end":{"line":250,"column":49}},"110":{"start":{"line":251,"column":21},"end":{"line":251,"column":73}},"111":{"start":{"line":253,"column":8},"end":{"line":257,"column":9}},"112":{"start":{"line":254,"column":10},"end":{"line":254,"column":80}},"113":{"start":{"line":256,"column":10},"end":{"line":256,"column":57}},"114":{"start":{"line":260,"column":6},"end":{"line":260,"column":83}},"115":{"start":{"line":265,"column":22},"end":{"line":270,"column":13}},"116":{"start":{"line":266,"column":27},"end":{"line":266,"column":43}},"117":{"start":{"line":267,"column":4},"end":{"line":267,"column":39}},"118":{"start":{"line":267,"column":26},"end":{"line":267,"column":39}},"119":{"start":{"line":268,"column":4},"end":{"line":268,"column":56}},"120":{"start":{"line":268,"column":26},"end":{"line":268,"column":56}},"121":{"start":{"line":269,"column":4},"end":{"line":269,"column":46}},"122":{"start":{"line":272,"column":27},"end":{"line":272,"column":64}},"123":{"start":{"line":272,"column":46},"end":{"line":272,"column":50}},"124":{"start":{"line":274,"column":2},"end":{"line":368,"column":4}},"125":{"start":{"line":287,"column":27},"end":{"line":287,"column":46}},"126":{"start":{"line":324,"column":16},"end":{"line":340,"column":18}},"127":{"start":{"line":332,"column":42},"end":{"line":332,"column":71}},"128":{"start":{"line":333,"column":37},"end":{"line":333,"column":61}},"129":{"start":{"line":360,"column":37},"end":{"line":360,"column":66}},"130":{"start":{"line":371,"column":21},"end":{"line":455,"column":4}},"131":{"start":{"line":372,"column":2},"end":{"line":455,"column":4}}},"fnMap":{"0":{"name":"(anonymous_0)","decl":{"start":{"line":46,"column":70},"end":{"line":46,"column":71}},"loc":{"start":{"line":56,"column":6},"end":{"line":127,"column":1}},"line":56},"1":{"name":"(anonymous_1)","decl":{"start":{"line":61,"column":12},"end":{"line":61,"column":13}},"loc":{"start":{"line":61,"column":18},"end":{"line":88,"column":3}},"line":61},"2":{"name":"(anonymous_2)","decl":{"start":{"line":69,"column":35},"end":{"line":69,"column":36}},"loc":{"start":{"line":69,"column":41},"end":{"line":80,"column":5}},"line":69},"3":{"name":"(anonymous_3)","decl":{"start":{"line":70,"column":21},"end":{"line":70,"column":22}},"loc":{"start":{"line":70,"column":31},"end":{"line":79,"column":7}},"line":70},"4":{"name":"(anonymous_4)","decl":{"start":{"line":82,"column":11},"end":{"line":82,"column":12}},"loc":{"start":{"line":82,"column":17},"end":{"line":87,"column":5}},"line":82},"5":{"name":"(anonymous_5)","decl":{"start":{"line":90,"column":23},"end":{"line":90,"column":24}},"loc":{"start":{"line":90,"column":35},"end":{"line":107,"column":3}},"line":90},"6":{"name":"VerifyOtpScreen","decl":{"start":{"line":129,"column":24},"end":{"line":129,"column":39}},"loc":{"start":{"line":129,"column":79},"end":{"line":369,"column":1}},"line":129},"7":{"name":"(anonymous_7)","decl":{"start":{"line":132,"column":25},"end":{"line":132,"column":26}},"loc":{"start":{"line":132,"column":31},"end":{"line":132,"column":50}},"line":132},"8":{"name":"(anonymous_8)","decl":{"start":{"line":152,"column":12},"end":{"line":152,"column":13}},"loc":{"start":{"line":152,"column":18},"end":{"line":155,"column":3}},"line":152},"9":{"name":"(anonymous_9)","decl":{"start":{"line":154,"column":11},"end":{"line":154,"column":12}},"loc":{"start":{"line":154,"column":17},"end":{"line":154,"column":29}},"line":154},"10":{"name":"(anonymous_10)","decl":{"start":{"line":159,"column":12},"end":{"line":159,"column":13}},"loc":{"start":{"line":159,"column":18},"end":{"line":180,"column":3}},"line":159},"11":{"name":"(anonymous_11)","decl":{"start":{"line":183,"column":12},"end":{"line":183,"column":13}},"loc":{"start":{"line":183,"column":18},"end":{"line":197,"column":3}},"line":183},"12":{"name":"(anonymous_12)","decl":{"start":{"line":187,"column":36},"end":{"line":187,"column":37}},"loc":{"start":{"line":187,"column":42},"end":{"line":194,"column":5}},"line":187},"13":{"name":"(anonymous_13)","decl":{"start":{"line":196,"column":11},"end":{"line":196,"column":12}},"loc":{"start":{"line":196,"column":17},"end":{"line":196,"column":43}},"line":196},"14":{"name":"(anonymous_14)","decl":{"start":{"line":199,"column":27},"end":{"line":199,"column":28}},"loc":{"start":{"line":199,"column":60},"end":{"line":220,"column":3}},"line":199},"15":{"name":"(anonymous_15)","decl":{"start":{"line":222,"column":25},"end":{"line":222,"column":26}},"loc":{"start":{"line":222,"column":97},"end":{"line":230,"column":3}},"line":222},"16":{"name":"(anonymous_16)","decl":{"start":{"line":232,"column":23},"end":{"line":232,"column":24}},"loc":{"start":{"line":232,"column":35},"end":{"line":262,"column":3}},"line":232},"17":{"name":"(anonymous_17)","decl":{"start":{"line":265,"column":30},"end":{"line":265,"column":31}},"loc":{"start":{"line":265,"column":36},"end":{"line":270,"column":3}},"line":265},"18":{"name":"(anonymous_18)","decl":{"start":{"line":272,"column":37},"end":{"line":272,"column":38}},"loc":{"start":{"line":272,"column":46},"end":{"line":272,"column":50}},"line":272},"19":{"name":"(anonymous_19)","decl":{"start":{"line":287,"column":21},"end":{"line":287,"column":22}},"loc":{"start":{"line":287,"column":27},"end":{"line":287,"column":46}},"line":287},"20":{"name":"(anonymous_20)","decl":{"start":{"line":323,"column":24},"end":{"line":323,"column":25}},"loc":{"start":{"line":324,"column":16},"end":{"line":340,"column":18}},"line":324},"21":{"name":"(anonymous_21)","decl":{"start":{"line":332,"column":32},"end":{"line":332,"column":33}},"loc":{"start":{"line":332,"column":42},"end":{"line":332,"column":71}},"line":332},"22":{"name":"(anonymous_22)","decl":{"start":{"line":333,"column":30},"end":{"line":333,"column":31}},"loc":{"start":{"line":333,"column":37},"end":{"line":333,"column":61}},"line":333},"23":{"name":"(anonymous_23)","decl":{"start":{"line":360,"column":31},"end":{"line":360,"column":32}},"loc":{"start":{"line":360,"column":37},"end":{"line":360,"column":66}},"line":360},"24":{"name":"(anonymous_24)","decl":{"start":{"line":371,"column":21},"end":{"line":371,"column":22}},"loc":{"start":{"line":372,"column":2},"end":{"line":455,"column":4}},"line":372}},"branchMap":{"0":{"loc":{"start":{"line":62,"column":4},"end":{"line":65,"column":5}},"type":"if","locations":[{"start":{"line":62,"column":4},"end":{"line":65,"column":5}},{"start":{},"end":{}}],"line":62},"1":{"loc":{"start":{"line":67,"column":4},"end":{"line":67,"column":33}},"type":"if","locations":[{"start":{"line":67,"column":4},"end":{"line":67,"column":33}},{"start":{},"end":{}}],"line":67},"2":{"loc":{"start":{"line":71,"column":8},"end":{"line":77,"column":9}},"type":"if","locations":[{"start":{"line":71,"column":8},"end":{"line":77,"column":9}},{"start":{},"end":{}}],"line":71},"3":{"loc":{"start":{"line":72,"column":10},"end":{"line":75,"column":11}},"type":"if","locations":[{"start":{"line":72,"column":10},"end":{"line":75,"column":11}},{"start":{},"end":{}}],"line":72},"4":{"loc":{"start":{"line":83,"column":6},"end":{"line":86,"column":7}},"type":"if","locations":[{"start":{"line":83,"column":6},"end":{"line":86,"column":7}},{"start":{},"end":{}}],"line":83},"5":{"loc":{"start":{"line":88,"column":6},"end":{"line":88,"column":45}},"type":"cond-expr","locations":[{"start":{"line":88,"column":24},"end":{"line":88,"column":33}},{"start":{"line":88,"column":36},"end":{"line":88,"column":45}}],"line":88},"6":{"loc":{"start":{"line":99,"column":4},"end":{"line":106,"column":5}},"type":"if","locations":[{"start":{"line":99,"column":4},"end":{"line":106,"column":5}},{"start":{"line":104,"column":11},"end":{"line":106,"column":5}}],"line":99},"7":{"loc":{"start":{"line":105,"column":16},"end":{"line":105,"column":74}},"type":"binary-expr","locations":[{"start":{"line":105,"column":16},"end":{"line":105,"column":28}},{"start":{"line":105,"column":32},"end":{"line":105,"column":74}}],"line":105},"8":{"loc":{"start":{"line":111,"column":7},"end":{"line":124,"column":7}},"type":"cond-expr","locations":[{"start":{"line":112,"column":8},"end":{"line":114,"column":15}},{"start":{"line":116,"column":8},"end":{"line":123,"column":27}}],"line":111},"9":{"loc":{"start":{"line":118,"column":20},"end":{"line":118,"column":46}},"type":"binary-expr","locations":[{"start":{"line":118,"column":20},"end":{"line":118,"column":29}},{"start":{"line":118,"column":33},"end":{"line":118,"column":46}}],"line":118},"10":{"loc":{"start":{"line":121,"column":13},"end":{"line":121,"column":57}},"type":"cond-expr","locations":[{"start":{"line":121,"column":29},"end":{"line":121,"column":41}},{"start":{"line":121,"column":44},"end":{"line":121,"column":57}}],"line":121},"11":{"loc":{"start":{"line":162,"column":4},"end":{"line":179,"column":5}},"type":"if","locations":[{"start":{"line":162,"column":4},"end":{"line":179,"column":5}},{"start":{"line":168,"column":11},"end":{"line":179,"column":5}}],"line":162},"12":{"loc":{"start":{"line":168,"column":11},"end":{"line":179,"column":5}},"type":"if","locations":[{"start":{"line":168,"column":11},"end":{"line":179,"column":5}},{"start":{"line":173,"column":11},"end":{"line":179,"column":5}}],"line":168},"13":{"loc":{"start":{"line":173,"column":11},"end":{"line":179,"column":5}},"type":"if","locations":[{"start":{"line":173,"column":11},"end":{"line":179,"column":5}},{"start":{},"end":{}}],"line":173},"14":{"loc":{"start":{"line":173,"column":15},"end":{"line":173,"column":52}},"type":"binary-expr","locations":[{"start":{"line":173,"column":15},"end":{"line":173,"column":34}},{"start":{"line":173,"column":38},"end":{"line":173,"column":52}}],"line":173},"15":{"loc":{"start":{"line":185,"column":4},"end":{"line":185,"column":43}},"type":"if","locations":[{"start":{"line":185,"column":4},"end":{"line":185,"column":43}},{"start":{},"end":{}}],"line":185},"16":{"loc":{"start":{"line":185,"column":8},"end":{"line":185,"column":34}},"type":"binary-expr","locations":[{"start":{"line":185,"column":8},"end":{"line":185,"column":18}},{"start":{"line":185,"column":22},"end":{"line":185,"column":34}}],"line":185},"17":{"loc":{"start":{"line":189,"column":6},"end":{"line":193,"column":7}},"type":"if","locations":[{"start":{"line":189,"column":6},"end":{"line":193,"column":7}},{"start":{},"end":{}}],"line":189},"18":{"loc":{"start":{"line":204,"column":4},"end":{"line":209,"column":5}},"type":"if","locations":[{"start":{"line":204,"column":4},"end":{"line":209,"column":5}},{"start":{},"end":{}}],"line":204},"19":{"loc":{"start":{"line":217,"column":4},"end":{"line":219,"column":5}},"type":"if","locations":[{"start":{"line":217,"column":4},"end":{"line":219,"column":5}},{"start":{},"end":{}}],"line":217},"20":{"loc":{"start":{"line":217,"column":8},"end":{"line":217,"column":28}},"type":"binary-expr","locations":[{"start":{"line":217,"column":8},"end":{"line":217,"column":15}},{"start":{"line":217,"column":19},"end":{"line":217,"column":28}}],"line":217},"21":{"loc":{"start":{"line":224,"column":4},"end":{"line":229,"column":5}},"type":"if","locations":[{"start":{"line":224,"column":4},"end":{"line":229,"column":5}},{"start":{},"end":{}}],"line":224},"22":{"loc":{"start":{"line":224,"column":8},"end":{"line":224,"column":70}},"type":"binary-expr","locations":[{"start":{"line":224,"column":8},"end":{"line":224,"column":41}},{"start":{"line":224,"column":45},"end":{"line":224,"column":57}},{"start":{"line":224,"column":61},"end":{"line":224,"column":70}}],"line":224},"23":{"loc":{"start":{"line":234,"column":4},"end":{"line":237,"column":5}},"type":"if","locations":[{"start":{"line":234,"column":4},"end":{"line":237,"column":5}},{"start":{},"end":{}}],"line":234},"24":{"loc":{"start":{"line":240,"column":4},"end":{"line":261,"column":5}},"type":"if","locations":[{"start":{"line":240,"column":4},"end":{"line":261,"column":5}},{"start":{"line":259,"column":11},"end":{"line":261,"column":5}}],"line":240},"25":{"loc":{"start":{"line":241,"column":6},"end":{"line":258,"column":7}},"type":"if","locations":[{"start":{"line":241,"column":6},"end":{"line":258,"column":7}},{"start":{"line":249,"column":13},"end":{"line":258,"column":7}}],"line":241},"26":{"loc":{"start":{"line":244,"column":8},"end":{"line":248,"column":9}},"type":"if","locations":[{"start":{"line":244,"column":8},"end":{"line":248,"column":9}},{"start":{"line":246,"column":15},"end":{"line":248,"column":9}}],"line":244},"27":{"loc":{"start":{"line":251,"column":21},"end":{"line":251,"column":73}},"type":"binary-expr","locations":[{"start":{"line":251,"column":21},"end":{"line":251,"column":50}},{"start":{"line":251,"column":54},"end":{"line":251,"column":73}}],"line":251},"28":{"loc":{"start":{"line":253,"column":8},"end":{"line":257,"column":9}},"type":"if","locations":[{"start":{"line":253,"column":8},"end":{"line":257,"column":9}},{"start":{"line":255,"column":15},"end":{"line":257,"column":9}}],"line":253},"29":{"loc":{"start":{"line":260,"column":16},"end":{"line":260,"column":72}},"type":"binary-expr","locations":[{"start":{"line":260,"column":16},"end":{"line":260,"column":28}},{"start":{"line":260,"column":32},"end":{"line":260,"column":72}}],"line":260},"30":{"loc":{"start":{"line":267,"column":4},"end":{"line":267,"column":39}},"type":"if","locations":[{"start":{"line":267,"column":4},"end":{"line":267,"column":39}},{"start":{},"end":{}}],"line":267},"31":{"loc":{"start":{"line":267,"column":8},"end":{"line":267,"column":24}},"type":"binary-expr","locations":[{"start":{"line":267,"column":8},"end":{"line":267,"column":13}},{"start":{"line":267,"column":17},"end":{"line":267,"column":24}}],"line":267},"32":{"loc":{"start":{"line":268,"column":4},"end":{"line":268,"column":56}},"type":"if","locations":[{"start":{"line":268,"column":4},"end":{"line":268,"column":56}},{"start":{},"end":{}}],"line":268},"33":{"loc":{"start":{"line":272,"column":27},"end":{"line":272,"column":64}},"type":"binary-expr","locations":[{"start":{"line":272,"column":27},"end":{"line":272,"column":51}},{"start":{"line":272,"column":55},"end":{"line":272,"column":64}}],"line":272},"34":{"loc":{"start":{"line":278,"column":18},"end":{"line":278,"column":62}},"type":"cond-expr","locations":[{"start":{"line":278,"column":42},"end":{"line":278,"column":51}},{"start":{"line":278,"column":54},"end":{"line":278,"column":62}}],"line":278},"35":{"loc":{"start":{"line":299,"column":15},"end":{"line":307,"column":15}},"type":"cond-expr","locations":[{"start":{"line":300,"column":16},"end":{"line":300,"column":46}},{"start":{"line":301,"column":18},"end":{"line":307,"column":15}}],"line":299},"36":{"loc":{"start":{"line":301,"column":18},"end":{"line":307,"column":15}},"type":"cond-expr","locations":[{"start":{"line":302,"column":16},"end":{"line":302,"column":66}},{"start":{"line":304,"column":16},"end":{"line":306,"column":19}}],"line":301},"37":{"loc":{"start":{"line":312,"column":13},"end":{"line":319,"column":13}},"type":"binary-expr","locations":[{"start":{"line":312,"column":14},"end":{"line":312,"column":23}},{"start":{"line":312,"column":27},"end":{"line":312,"column":37}},{"start":{"line":313,"column":14},"end":{"line":318,"column":16}}],"line":312},"38":{"loc":{"start":{"line":315,"column":25},"end":{"line":315,"column":48}},"type":"binary-expr","locations":[{"start":{"line":315,"column":25},"end":{"line":315,"column":34}},{"start":{"line":315,"column":38},"end":{"line":315,"column":48}}],"line":315},"39":{"loc":{"start":{"line":329,"column":20},"end":{"line":329,"column":57}},"type":"cond-expr","locations":[{"start":{"line":329,"column":28},"end":{"line":329,"column":50}},{"start":{"line":329,"column":53},"end":{"line":329,"column":57}}],"line":329},"40":{"loc":{"start":{"line":348,"column":24},"end":{"line":348,"column":55}},"type":"binary-expr","locations":[{"start":{"line":348,"column":24},"end":{"line":348,"column":40}},{"start":{"line":348,"column":44},"end":{"line":348,"column":55}}],"line":348}},"s":{"0":2,"1":35,"2":35,"3":35,"4":35,"5":19,"6":0,"7":0,"8":19,"9":2,"10":17,"11":81,"12":81,"13":4,"14":2,"15":2,"16":4,"17":77,"18":17,"19":17,"20":15,"21":15,"22":35,"23":2,"24":2,"25":2,"26":2,"27":2,"28":2,"29":1,"30":1,"31":1,"32":1,"33":1,"34":35,"35":28,"36":28,"37":28,"38":16,"39":28,"40":28,"41":28,"42":28,"43":28,"44":28,"45":28,"46":16,"47":16,"48":16,"49":28,"50":16,"51":16,"52":1,"53":1,"54":1,"55":1,"56":15,"57":1,"58":1,"59":1,"60":14,"61":0,"62":0,"63":0,"64":0,"65":28,"66":17,"67":17,"68":15,"69":2,"70":1,"71":1,"72":1,"73":1,"74":2,"75":2,"76":28,"77":9,"78":9,"79":9,"80":9,"81":7,"82":7,"83":7,"84":7,"85":2,"86":2,"87":2,"88":2,"89":2,"90":2,"91":28,"92":0,"93":0,"94":0,"95":0,"96":0,"97":28,"98":7,"99":7,"100":0,"101":0,"102":7,"103":7,"104":5,"105":2,"106":2,"107":1,"108":1,"109":3,"110":3,"111":3,"112":1,"113":2,"114":2,"115":28,"116":16,"117":16,"118":0,"119":16,"120":1,"121":15,"122":28,"123":65,"124":28,"125":0,"126":168,"127":9,"128":0,"129":1,"130":2,"131":16},"f":{"0":35,"1":19,"2":81,"3":81,"4":17,"5":2,"6":28,"7":16,"8":16,"9":16,"10":16,"11":17,"12":1,"13":2,"14":9,"15":0,"16":7,"17":16,"18":65,"19":0,"20":168,"21":9,"22":0,"23":1,"24":16},"b":{"0":[0,19],"1":[2,17],"2":[4,77],"3":[2,2],"4":[15,2],"5":[32,3],"6":[1,1],"7":[1,0],"8":[32,3],"9":[3,3],"10":[0,3],"11":[1,15],"12":[1,14],"13":[0,14],"14":[14,0],"15":[15,2],"16":[17,3],"17":[1,0],"18":[7,2],"19":[2,0],"20":[2,2],"21":[0,0],"22":[0,0,0],"23":[0,7],"24":[5,2],"25":[2,3],"26":[1,1],"27":[3,2],"28":[1,2],"29":[2,1],"30":[0,16],"31":[16,16],"32":[1,15],"33":[28,7],"34":[28,0],"35":[2,26],"36":[2,24],"37":[28,28,2],"38":[2,2],"39":[44,124],"40":[28,7]},"_coverageSchema":"1a1c01bbd47fc00a2c39e90264f33305004495a9","hash":"b7af3d4f1c450104a1073db4ec0dce2ec7032b5a"}
,"/Users/arqummalik/Software Development/Trimit/TrimiT/mobile/src/services/authService.ts": {"path":"/Users/arqummalik/Software Development/Trimit/TrimiT/mobile/src/services/authService.ts","statementMap":{"0":{"start":{"line":20,"column":27},"end":{"line":94,"column":1}},"1":{"start":{"line":22,"column":4},"end":{"line":22,"column":54}},"2":{"start":{"line":27,"column":4},"end":{"line":27,"column":48}},"3":{"start":{"line":31,"column":4},"end":{"line":31,"column":62}},"4":{"start":{"line":35,"column":4},"end":{"line":35,"column":66}},"5":{"start":{"line":39,"column":4},"end":{"line":39,"column":50}},"6":{"start":{"line":43,"column":4},"end":{"line":43,"column":73}},"7":{"start":{"line":53,"column":4},"end":{"line":53,"column":68}},"8":{"start":{"line":57,"column":4},"end":{"line":57,"column":37}},"9":{"start":{"line":61,"column":4},"end":{"line":61,"column":45}},"10":{"start":{"line":65,"column":4},"end":{"line":65,"column":55}},"11":{"start":{"line":82,"column":4},"end":{"line":82,"column":70}},"12":{"start":{"line":92,"column":4},"end":{"line":92,"column":58}}},"fnMap":{"0":{"name":"(anonymous_0)","decl":{"start":{"line":21,"column":9},"end":{"line":21,"column":10}},"loc":{"start":{"line":21,"column":93},"end":{"line":23,"column":3}},"line":21},"1":{"name":"(anonymous_1)","decl":{"start":{"line":26,"column":10},"end":{"line":26,"column":11}},"loc":{"start":{"line":26,"column":65},"end":{"line":28,"column":3}},"line":26},"2":{"name":"(anonymous_2)","decl":{"start":{"line":30,"column":18},"end":{"line":30,"column":19}},"loc":{"start":{"line":30,"column":67},"end":{"line":32,"column":3}},"line":30},"3":{"name":"(anonymous_3)","decl":{"start":{"line":34,"column":22},"end":{"line":34,"column":23}},"loc":{"start":{"line":34,"column":71},"end":{"line":36,"column":3}},"line":34},"4":{"name":"(anonymous_4)","decl":{"start":{"line":38,"column":17},"end":{"line":38,"column":18}},"loc":{"start":{"line":38,"column":99},"end":{"line":40,"column":3}},"line":38},"5":{"name":"(anonymous_5)","decl":{"start":{"line":42,"column":21},"end":{"line":42,"column":22}},"loc":{"start":{"line":42,"column":74},"end":{"line":44,"column":3}},"line":42},"6":{"name":"(anonymous_6)","decl":{"start":{"line":46,"column":33},"end":{"line":46,"column":34}},"loc":{"start":{"line":52,"column":32},"end":{"line":54,"column":3}},"line":52},"7":{"name":"(anonymous_7)","decl":{"start":{"line":56,"column":9},"end":{"line":56,"column":10}},"loc":{"start":{"line":56,"column":45},"end":{"line":58,"column":3}},"line":56},"8":{"name":"(anonymous_8)","decl":{"start":{"line":60,"column":17},"end":{"line":60,"column":18}},"loc":{"start":{"line":60,"column":53},"end":{"line":62,"column":3}},"line":60},"9":{"name":"(anonymous_9)","decl":{"start":{"line":64,"column":11},"end":{"line":64,"column":12}},"loc":{"start":{"line":64,"column":60},"end":{"line":66,"column":3}},"line":64},"10":{"name":"(anonymous_10)","decl":{"start":{"line":77,"column":13},"end":{"line":77,"column":14}},"loc":{"start":{"line":81,"column":31},"end":{"line":83,"column":3}},"line":81},"11":{"name":"(anonymous_11)","decl":{"start":{"line":91,"column":19},"end":{"line":91,"column":20}},"loc":{"start":{"line":91,"column":83},"end":{"line":93,"column":3}},"line":91}},"branchMap":{},"s":{"0":2,"1":1,"2":1,"3":1,"4":1,"5":1,"6":1,"7":1,"8":1,"9":1,"10":2,"11":1,"12":1},"f":{"0":1,"1":1,"2":1,"3":1,"4":1,"5":1,"6":1,"7":1,"8":1,"9":2,"10":1,"11":1},"b":{},"_coverageSchema":"1a1c01bbd47fc00a2c39e90264f33305004495a9","hash":"d7318cd03468025047b528c7af59574ca97d290d"}
[...]
olumn":46}},"119":{"start":{"line":348,"column":12},"end":{"line":348,"column":138}},"120":{"start":{"line":354,"column":12},"end":{"line":362,"column":13}},"121":{"start":{"line":355,"column":14},"end":{"line":355,"column":81}},"122":{"start":{"line":356,"column":14},"end":{"line":359,"column":17}},"123":{"start":{"line":361,"column":14},"end":{"line":361,"column":97}},"124":{"start":{"line":368,"column":8},"end":{"line":368,"column":46}},"125":{"start":{"line":369,"column":23},"end":{"line":369,"column":73}},"126":{"start":{"line":371,"column":8},"end":{"line":374,"column":9}},"127":{"start":{"line":372,"column":10},"end":{"line":372,"column":82}},"128":{"start":{"line":373,"column":10},"end":{"line":373,"column":82}},"129":{"start":{"line":377,"column":8},"end":{"line":377,"column":35}},"130":{"start":{"line":378,"column":8},"end":{"line":378,"column":72}},"131":{"start":{"line":380,"column":8},"end":{"line":394,"column":9}},"132":{"start":{"line":382,"column":10},"end":{"line":390,"column":13}},"133":{"start":{"line":393,"column":10},"end":{"line":393,"column":89}},"134":{"start":{"line":397,"column":8},"end":{"line":406,"column":11}},"135":{"start":{"line":407,"column":8},"end":{"line":407,"column":61}},"136":{"start":{"line":411,"column":8},"end":{"line":411,"column":46}},"137":{"start":{"line":412,"column":23},"end":{"line":412,"column":65}},"138":{"start":{"line":414,"column":8},"end":{"line":417,"column":9}},"139":{"start":{"line":415,"column":10},"end":{"line":415,"column":86}},"140":{"start":{"line":416,"column":10},"end":{"line":416,"column":57}},"141":{"start":{"line":419,"column":8},"end":{"line":424,"column":11}},"142":{"start":{"line":425,"column":8},"end":{"line":425,"column":33}},"143":{"start":{"line":429,"column":8},"end":{"line":429,"column":46}},"144":{"start":{"line":430,"column":8},"end":{"line":441,"column":9}},"145":{"start":{"line":431,"column":34},"end":{"line":431,"column":68}},"146":{"start":{"line":432,"column":10},"end":{"line":432,"column":43}},"147":{"start":{"line":433,"column":10},"end":{"line":433,"column":36}},"148":{"start":{"line":434,"column":10},"end":{"line":434,"column":35}},"149":{"start":{"line":436,"column":10},"end":{"line":436,"column":36}},"150":{"start":{"line":437,"column":39},"end":{"line":437,"column":80}},"151":{"start":{"line":438,"column":30},"end":{"line":438,"column":51}},"152":{"start":{"line":439,"column":10},"end":{"line":439,"column":34}},"153":{"start":{"line":440,"column":10},"end":{"line":440,"column":52}},"154":{"start":{"line":446,"column":39},"end":{"line":446,"column":54}},"155":{"start":{"line":448,"column":8},"end":{"line":463,"column":10}},"156":{"start":{"line":449,"column":10},"end":{"line":452,"column":11}},"157":{"start":{"line":450,"column":12},"end":{"line":450,"column":84}},"158":{"start":{"line":451,"column":12},"end":{"line":451,"column":67}},"159":{"start":{"line":454,"column":24},"end":{"line":454,"column":56}},"160":{"start":{"line":455,"column":10},"end":{"line":455,"column":34}},"161":{"start":{"line":457,"column":10},"end":{"line":460,"column":11}},"162":{"start":{"line":458,"column":12},"end":{"line":458,"column":91}},"163":{"start":{"line":459,"column":12},"end":{"line":459,"column":19}},"164":{"start":{"line":462,"column":10},"end":{"line":462,"column":38}},"165":{"start":{"line":465,"column":30},"end":{"line":472,"column":7}}},"fnMap":{"0":{"name":"(anonymous_0)","decl":{"start":{"line":69,"column":4},"end":{"line":69,"column":5}},"loc":{"start":{"line":69,"column":19},"end":{"line":443,"column":5}},"line":69},"1":{"name":"(anonymous_1)","decl":{"start":{"line":82,"column":26},"end":{"line":82,"column":27}},"loc":{"start":{"line":82,"column":32},"end":{"line":82,"column":68}},"line":82},"2":{"name":"(anonymous_2)","decl":{"start":{"line":86,"column":15},"end":{"line":86,"column":16}},"loc":{"start":{"line":86,"column":32},"end":{"line":97,"column":7}},"line":86},"3":{"name":"(anonymous_3)","decl":{"start":{"line":99,"column":26},"end":{"line":99,"column":27}},"loc":{"start":{"line":99,"column":35},"end":{"line":99,"column":64}},"line":99},"4":{"name":"(anonymous_4)","decl":{"start":{"line":101,"column":19},"end":{"line":101,"column":20}},"loc":{"start":{"line":101,"column":28},"end":{"line":101,"column":52}},"line":101},"5":{"name":"(anonymous_5)","decl":{"start":{"line":103,"column":22},"end":{"line":103,"column":23}},"loc":{"start":{"line":103,"column":30},"end":{"line":103,"column":54}},"line":103},"6":{"name":"(anonymous_6)","decl":{"start":{"line":105,"column":20},"end":{"line":105,"column":21}},"loc":{"start":{"line":105,"column":39},"end":{"line":135,"column":7}},"line":105},"7":{"name":"(anonymous_7)","decl":{"start":{"line":137,"column":29},"end":{"line":137,"column":30}},"loc":{"start":{"line":137,"column":35},"end":{"line":139,"column":7}},"line":137},"8":{"name":"(anonymous_8)","decl":{"start":{"line":141,"column":13},"end":{"line":141,"column":14}},"loc":{"start":{"line":141,"column":40},"end":{"line":174,"column":7}},"line":141},"9":{"name":"(anonymous_9)","decl":{"start":{"line":176,"column":14},"end":{"line":176,"column":15}},"loc":{"start":{"line":176,"column":60},"end":{"line":213,"column":7}},"line":176},"10":{"name":"(anonymous_10)","decl":{"start":{"line":215,"column":26},"end":{"line":215,"column":27}},"loc":{"start":{"line":215,"column":43},"end":{"line":226,"column":7}},"line":215},"11":{"name":"(anonymous_11)","decl":{"start":{"line":228,"column":22},"end":{"line":228,"column":23}},"loc":{"start":{"line":228,"column":39},"end":{"line":248,"column":7}},"line":228},"12":{"name":"(anonymous_12)","decl":{"start":{"line":250,"column":21},"end":{"line":250,"column":22}},"loc":{"start":{"line":250,"column":37},"end":{"line":267,"column":7}},"line":250},"13":{"name":"(anonymous_13)","decl":{"start":{"line":269,"column":21},"end":{"line":269,"column":22}},"loc":{"start":{"line":269,"column":33},"end":{"line":279,"column":7}},"line":269},"14":{"name":"(anonymous_14)","decl":{"start":{"line":281,"column":14},"end":{"line":281,"column":15}},"loc":{"start":{"line":281,"column":26},"end":{"line":303,"column":7}},"line":281},"15":{"name":"(anonymous_15)","decl":{"start":{"line":299,"column":28},"end":{"line":299,"column":29}},"loc":{"start":{"line":299,"column":41},"end":{"line":299,"column":65}},"line":299},"16":{"name":"(anonymous_16)","decl":{"start":{"line":305,"column":18},"end":{"line":305,"column":19}},"loc":{"start":{"line":305,"column":24},"end":{"line":305,"column":44}},"line":305},"17":{"name":"(anonymous_17)","decl":{"start":{"line":307,"column":22},"end":{"line":307,"column":23}},"loc":{"start":{"line":307,"column":34},"end":{"line":365,"column":7}},"line":307},"18":{"name":"(anonymous_18)","decl":{"start":{"line":335,"column":14},"end":{"line":335,"column":15}},"loc":{"start":{"line":335,"column":26},"end":{"line":364,"column":9}},"line":335},"19":{"name":"(anonymous_19)","decl":{"start":{"line":367,"column":17},"end":{"line":367,"column":18}},"loc":{"start":{"line":367,"column":47},"end":{"line":408,"column":7}},"line":367},"20":{"name":"(anonymous_20)","decl":{"start":{"line":410,"column":23},"end":{"line":410,"column":24}},"loc":{"start":{"line":410,"column":39},"end":{"line":426,"column":7}},"line":410},"21":{"name":"(anonymous_21)","decl":{"start":{"line":428,"column":15},"end":{"line":428,"column":16}},"loc":{"start":{"line":428,"column":32},"end":{"line":442,"column":7}},"line":428},"22":{"name":"(anonymous_22)","decl":{"start":{"line":446,"column":33},"end":{"line":446,"column":34}},"loc":{"start":{"line":446,"column":39},"end":{"line":446,"column":54}},"line":446},"23":{"name":"(anonymous_23)","decl":{"start":{"line":447,"column":26},"end":{"line":447,"column":27}},"loc":{"start":{"line":447,"column":32},"end":{"line":464,"column":7}},"line":447},"24":{"name":"(anonymous_24)","decl":{"start":{"line":448,"column":15},"end":{"line":448,"column":16}},"loc":{"start":{"line":448,"column":31},"end":{"line":463,"column":9}},"line":448},"25":{"name":"(anonymous_25)","decl":{"start":{"line":465,"column":18},"end":{"line":465,"column":19}},"loc":{"start":{"line":465,"column":30},"end":{"line":472,"column":7}},"line":465}},"branchMap":{"0":{"loc":{"start":{"line":107,"column":61},"end":{"line":107,"column":93}},"type":"binary-expr","locations":[{"start":{"line":107,"column":61},"end":{"line":107,"column":84}},{"start":{"line":107,"column":88},"end":{"line":107,"column":93}}],"line":107},"1":{"loc":{"start":{"line":121,"column":8},"end":{"line":123,"column":9}},"type":"if","locations":[{"start":{"line":121,"column":8},"end":{"line":123,"column":9}},{"start":{},"end":{}}],"line":121},"2":{"loc":{"start":{"line":133,"column":17},"end":{"line":133,"column":46}},"type":"binary-expr","locations":[{"start":{"line":133,"column":17},"end":{"line":133,"column":38}},{"start":{"line":133,"column":42},"end":{"line":133,"column":46}}],"line":133},"3":{"loc":{"start":{"line":145,"column":8},"end":{"line":152,"column":9}},"type":"if","locations":[{"start":{"line":145,"column":8},"end":{"line":152,"column":9}},{"start":{},"end":{}}],"line":145},"4":{"loc":{"start":{"line":148,"column":19},"end":{"line":148,"column":81}},"type":"binary-expr","locations":[{"start":{"line":148,"column":19},"end":{"line":148,"column":31}},{"start":{"line":148,"column":35},"end":{"line":148,"column":81}}],"line":148},"5":{"loc":{"start":{"line":154,"column":8},"end":{"line":158,"column":9}},"type":"if","locations":[{"start":{"line":154,"column":8},"end":{"line":158,"column":9}},{"start":{},"end":{}}],"line":154},"6":{"loc":{"start":{"line":154,"column":12},"end":{"line":154,"column":41}},"type":"binary-expr","locations":[{"start":{"line":154,"column":12},"end":{"line":154,"column":25}},{"start":{"line":154,"column":29},"end":{"line":154,"column":41}}],"line":154},"7":{"loc":{"start":{"line":155,"column":27},"end":{"line":155,"column":76}},"type":"binary-expr","locations":[{"start":{"line":155,"column":27},"end":{"line":155,"column":39}},{"start":{"line":155,"column":43},"end":{"line":155,"column":76}}],"line":155},"8":{"loc":{"start":{"line":163,"column":24},"end":{"line":163,"column":51}},"type":"binary-expr","locations":[{"start":{"line":163,"column":24},"end":{"line":163,"column":43}},{"start":{"line":163,"column":47},"end":{"line":163,"column":51}}],"line":163},"9":{"loc":{"start":{"line":172,"column":51},"end":{"line":172,"column":78}},"type":"binary-expr","locations":[{"start":{"line":172,"column":51},"end":{"line":172,"column":70}},{"start":{"line":172,"column":74},"end":{"line":172,"column":78}}],"line":172},"10":{"loc":{"start":{"line":180,"column":8},"end":{"line":191,"column":9}},"type":"if","locations":[{"start":{"line":180,"column":8},"end":{"line":191,"column":9}},{"start":{},"end":{}}],"line":180},"11":{"loc":{"start":{"line":193,"column":8},"end":{"line":197,"column":9}},"type":"if","locations":[{"start":{"line":193,"column":8},"end":{"line":197,"column":9}},{"start":{},"end":{}}],"line":193},"12":{"loc":{"start":{"line":193,"column":12},"end":{"line":193,"column":41}},"type":"binary-expr","locations":[{"start":{"line":193,"column":12},"end":{"line":193,"column":25}},{"start":{"line":193,"column":29},"end":{"line":193,"column":41}}],"line":193},"13":{"loc":{"start":{"line":194,"column":27},"end":{"line":194,"column":77}},"type":"binary-expr","locations":[{"start":{"line":194,"column":27},"end":{"line":194,"column":39}},{"start":{"line":194,"column":43},"end":{"line":194,"column":77}}],"line":194},"14":{"loc":{"start":{"line":202,"column":24},"end":{"line":202,"column":51}},"type":"binary-expr","locations":[{"start":{"line":202,"column":24},"end":{"line":202,"column":43}},{"start":{"line":202,"column":47},"end":{"line":202,"column":51}}],"line":202},"15":{"loc":{"start":{"line":211,"column":51},"end":{"line":211,"column":78}},"type":"binary-expr","locations":[{"start":{"line":211,"column":51},"end":{"line":211,"column":70}},{"start":{"line":211,"column":74},"end":{"line":211,"column":78}}],"line":211},"16":{"loc":{"start":{"line":219,"column":10},"end":{"line":221,"column":11}},"type":"if","locations":[{"start":{"line":219,"column":10},"end":{"line":221,"column":11}},{"start":{},"end":{}}],"line":219},"17":{"loc":{"start":{"line":220,"column":25},"end":{"line":220,"column":72}},"type":"binary-expr","locations":[{"start":{"line":220,"column":25},"end":{"line":220,"column":37}},{"start":{"line":220,"column":41},"end":{"line":220,"column":72}}],"line":220},"18":{"loc":{"start":{"line":243,"column":27},"end":{"line":245,"column":21}},"type":"cond-expr","locations":[{"start":{"line":244,"column":14},"end":{"line":244,"column":53}},{"start":{"line":245,"column":14},"end":{"line":245,"column":21}}],"line":243},"19":{"loc":{"start":{"line":255,"column":10},"end":{"line":260,"column":11}},"type":"if","locations":[{"start":{"line":255,"column":10},"end":{"line":260,"column":11}},{"start":{},"end":{}}],"line":255},"20":{"loc":{"start":{"line":263,"column":26},"end":{"line":263,"column":82}},"type":"cond-expr","locations":[{"start":{"line":263,"column":51},"end":{"line":263,"column":64}},{"start":{"line":263,"column":67},"end":{"line":263,"column":82}}],"line":263},"21":{"loc":{"start":{"line":272,"column":8},"end":{"line":275,"column":9}},"type":"if","locations":[{"start":{"line":272,"column":8},"end":{"line":275,"column":9}},{"start":{},"end":{}}],"line":272},"22":{"loc":{"start":{"line":273,"column":41},"end":{"line":273,"column":82}},"type":"binary-expr","locations":[{"start":{"line":273,"column":41},"end":{"line":273,"column":53}},{"start":{"line":273,"column":57},"end":{"line":273,"column":82}}],"line":273},"23":{"loc":{"start":{"line":282,"column":8},"end":{"line":284,"column":9}},"type":"if","locations":[{"start":{"line":282,"column":8},"end":{"line":284,"column":9}},{"start":{},"end":{}}],"line":282},"24":{"loc":{"start":{"line":294,"column":10},"end":{"line":297,"column":11}},"type":"if","locations":[{"start":{"line":294,"column":10},"end":{"line":297,"column":11}},{"start":{},"end":{}}],"line":294},"25":{"loc":{"start":{"line":311,"column":8},"end":{"line":314,"column":9}},"type":"if","locations":[{"start":{"line":311,"column":8},"end":{"line":314,"column":9}},{"start":{},"end":{}}],"line":311},"26":{"loc":{"start":{"line":341,"column":39},"end":{"line":341,"column":84}},"type":"binary-expr","locations":[{"start":{"line":341,"column":39},"end":{"line":341,"column":70}},{"start":{"line":341,"column":74},"end":{"line":341,"column":84}}],"line":341},"27":{"loc":{"start":{"line":343,"column":12},"end":{"line":347,"column":13}},"type":"if","locations":[{"start":{"line":343,"column":12},"end":{"line":347,"column":13}},{"start":{"line":345,"column":19},"end":{"line":347,"column":13}}],"line":343},"28":{"loc":{"start":{"line":344,"column":50},"end":{"line":344,"column":87}},"type":"binary-expr","locations":[{"start":{"line":344,"column":50},"end":{"line":344,"column":79}},{"start":{"line":344,"column":83},"end":{"line":344,"column":87}}],"line":344},"29":{"loc":{"start":{"line":345,"column":19},"end":{"line":347,"column":13}},"type":"if","locations":[{"start":{"line":345,"column":19},"end":{"line":347,"column":13}},{"start":{},"end":{}}],"line":345},"30":{"loc":{"start":{"line":354,"column":12},"end":{"line":362,"column":13}},"type":"if","locations":[{"start":{"line":354,"column":12},"end":{"line":362,"column":13}},{"start":{"line":360,"column":19},"end":{"line":362,"column":13}}],"line":354},"31":{"loc":{"start":{"line":354,"column":16},"end":{"line":354,"column":62}},"type":"binary-expr","locations":[{"start":{"line":354,"column":16},"end":{"line":354,"column":31}},{"start":{"line":354,"column":35},"end":{"line":354,"column":62}}],"line":354},"32":{"loc":{"start":{"line":371,"column":8},"end":{"line":374,"column":9}},"type":"if","locations":[{"start":{"line":371,"column":8},"end":{"line":374,"column":9}},{"start":{},"end":{}}],"line":371},"33":{"loc":{"start":{"line":372,"column":41},"end":{"line":372,"column":78}},"type":"binary-expr","locations":[{"start":{"line":372,"column":41},"end":{"line":372,"column":53}},{"start":{"line":372,"column":57},"end":{"line":372,"column":78}}],"line":372},"34":{"loc":{"start":{"line":373,"column":42},"end":{"line":373,"column":79}},"type":"binary-expr","locations":[{"start":{"line":373,"column":42},"end":{"line":373,"column":54}},{"start":{"line":373,"column":58},"end":{"line":373,"column":79}}],"line":373},"35":{"loc":{"start":{"line":380,"column":8},"end":{"line":394,"column":9}},"type":"if","locations":[{"start":{"line":380,"column":8},"end":{"line":394,"column":9}},{"start":{},"end":{}}],"line":380},"36":{"loc":{"start":{"line":414,"column":8},"end":{"line":417,"column":9}},"type":"if","locations":[{"start":{"line":414,"column":8},"end":{"line":417,"column":9}},{"start":{},"end":{}}],"line":414},"37":{"loc":{"start":{"line":414,"column":12},"end":{"line":414,"column":46}},"type":"binary-expr","locations":[{"start":{"line":414,"column":12},"end":{"line":414,"column":27}},{"start":{"line":414,"column":31},"end":{"line":414,"column":46}}],"line":414},"38":{"loc":{"start":{"line":415,"column":41},"end":{"line":415,"column":82}},"type":"binary-expr","locations":[{"start":{"line":415,"column":41},"end":{"line":415,"column":53}},{"start":{"line":415,"column":57},"end":{"line":415,"column":82}}],"line":415},"39":{"loc":{"start":{"line":449,"column":10},"end":{"line":452,"column":11}},"type":"if","locations":[{"start":{"line":449,"column":10},"end":{"line":452,"column":11}},{"start":{},"end":{}}],"line":449},"40":{"loc":{"start":{"line":454,"column":24},"end":{"line":454,"column":56}},"type":"binary-expr","locations":[{"start":{"line":454,"column":24},"end":{"line":454,"column":29}},{"start":{"line":454,"column":33},"end":{"line":454,"column":56}}],"line":454},"41":{"loc":{"start":{"line":457,"column":10},"end":{"line":460,"column":11}},"type":"if","locations":[{"start":{"line":457,"column":10},"end":{"line":460,"column":11}},{"start":{},"end":{}}],"line":457}},"s":{"0":3,"1":3,"2":1,"3":1,"4":1,"5":1,"6":0,"7":3,"8":0,"9":3,"10":3,"11":3,"12":3,"13":0,"14":3,"15":3,"16":0,"17":3,"18":3,"19":0,"20":3,"21":1,"22":3,"23":3,"24":3,"25":1,"26":1,"27":2,"28":1,"29":1,"30":1,"31":1,"32":1,"33":1,"34":1,"35":5,"36":5,"37":5,"38":1,"39":1,"40":4,"41":1,"42":1,"43":1,"44":3,"45":3,"46":3,"47":3,"48":2,"49":2,"50":2,"51":2,"52":1,"53":2,"54":2,"55":3,"56":3,"57":3,"58":3,"59":1,"60":1,"61":2,"62":2,"63":2,"64":2,"65":2,"66":2,"67":0,"68":0,"69":0,"70":0,"71":0,"72":0,"73":0,"74":0,"75":0,"76":0,"77":0,"78":0,"79":0,"80":0,"81":0,"82":0,"83":0,"84":0,"85":2,"86":1,"87":1,"88":1,"89":1,"90":1,"91":0,"92":1,"93":1,"94":0,"95":0,"96":1,"97":1,"98":1,"99":1,"100":0,"101":7,"102":7,"103":7,"104":4,"105":4,"106":3,"107":3,"108":3,"109":3,"110":3,"111":3,"112":3,"113":1,"114":1,"115":1,"116":1,"117":0,"118":0,"119":1,"120":2,"121":1,"122":1,"123":1,"124":6,"125":6,"126":6,"127":1,"128":1,"129":5,"130":5,"131":5,"132":3,"133":3,"134":2,"135":2,"136":3,"137":3,"138":3,"139":1,"140":1,"141":2,"142":2,"143":2,"144":2,"145":2,"146":2,"147":1,"148":1,"149":1,"150":1,"151":1,"152":1,"153":1,"154":3,"155":3,"156":3,"157":0,"158":0,"159":3,"160":3,"161":3,"162":0,"163":0,"164":3,"165":115},"f":{"0":3,"1":1,"2":1,"3":0,"4":3,"5":0,"6":3,"7":1,"8":3,"9":5,"10":2,"11":3,"12":0,"13":0,"14":2,"15":1,"16":0,"17":7,"18":3,"19":6,"20":3,"21":2,"22":3,"23":3,"24":3,"25":115},"b":{"0":[3,0],"1":[0,3],"2":[3,1],"3":[1,2],"4":[1,0],"5":[1,1],"6":[2,1],"7":[1,0],"8":[1,0],"9":[1,0],"10":[1,4],"11":[1,3],"12":[4,3],"13":[1,0],"14":[3,2],"15":[3,2],"16":[1,1],"17":[1,0],"18":[1,1],"19":[0,0],"20":[0,0],"21":[0,0],"22":[0,0],"23":[1,1],"24":[0,1],"25":[4,3],"26":[1,0],"27":[1,0],"28":[1,1],"29":[0,0],"30":[1,1],"31":[2,1],"32":[1,5],"33":[1,0],"34":[1,0],"35":[3,2],"36":[1,2],"37":[3,2],"38":[1,0],"39":[0,3],"40":[3,0],"41":[0,3]},"_coverageSchema":"1a1c01bbd47fc00a2c39e90264f33305004495a9","hash":"6ad43285b5635f79f94d0177d13d33ff8312e859"}
}
