TN:
SF:src/repositories/authRepository.ts
FN:30,translateMobileAuthError
FN:52,parseAuthFailure
FN:123,(anonymous_2)
FN:200,(anonymous_3)
FN:288,(anonymous_4)
FN:293,(anonymous_5)
FN:322,(anonymous_6)
FN:349,(anonymous_7)
FN:397,(anonymous_8)
FNF:9
FNH:9
FNDA:14,translateMobileAuthError
FNDA:16,parseAuthFailure
FNDA:7,(anonymous_2)
FNDA:7,(anonymous_3)
FNDA:1,(anonymous_4)
FNDA:3,(anonymous_5)
FNDA:3,(anonymous_6)
FNDA:4,(anonymous_7)
FNDA:3,(anonymous_8)
DA:31,14
DA:33,14
DA:34,3
DA:37,11
DA:38,3
DA:41,8
DA:42,1
DA:45,7
DA:46,1
DA:49,6
DA:53,16
DA:54,11
DA:55,11
DA:56,11
DA:57,11
DA:62,5
DA:63,3
DA:64,3
DA:66,3
DA:70,3
DA:74,3
DA:76,2
DA:118,2
DA:125,7
DA:126,7
DA:128,2
DA:129,2
DA:130,1
DA:138,1
DA:146,5
DA:155,5
DA:156,1
DA:165,4
DA:168,4
DA:169,4
DA:170,2
DA:173,2
DA:174,2
DA:181,2
DA:183,2
DA:184,1
DA:187,1
DA:208,7
DA:209,7
DA:211,1
DA:212,1
DA:215,1
DA:218,6
DA:226,6
DA:231,2
DA:232,2
DA:242,4
DA:243,4
DA:245,1
DA:253,3
DA:256,3
DA:257,3
DA:258,2
DA:259,2
DA:260,2
DA:270,1
DA:278,1
DA:289,1
DA:290,1
DA:299,3
DA:300,3
DA:301,2
DA:302,2
DA:303,2
DA:309,1
DA:310,1
DA:313,1
DA:323,3
DA:324,3
DA:325,1
DA:327,2
DA:328,1
DA:330,1
DA:333,1
DA:335,1
DA:354,4
DA:355,4
DA:356,3
DA:364,3
DA:365,3
DA:366,3
DA:367,3
DA:371,3
DA:379,1
DA:380,1
DA:402,3
DA:403,3
DA:404,2
DA:405,2
DA:408,2
DA:409,1
DA:415,1
DA:417,1
DA:418,1
LF:99
LH:99
BRDA:33,0,0,3
BRDA:33,0,1,11
BRDA:33,1,0,14
BRDA:33,1,1,11
BRDA:33,1,2,11
BRDA:33,1,3,11
BRDA:37,2,0,3
BRDA:37,2,1,8
BRDA:37,3,0,11
BRDA:37,3,1,10
BRDA:37,3,2,9
BRDA:37,3,3,8
BRDA:37,3,4,0
BRDA:41,4,0,1
BRDA:41,4,1,7
BRDA:41,5,0,8
BRDA:41,5,1,7
BRDA:41,5,2,0
BRDA:41,5,3,7
BRDA:41,5,4,7
BRDA:45,6,0,1
BRDA:45,6,1,6
BRDA:45,7,0,7
BRDA:45,7,1,6
BRDA:45,7,2,6
BRDA:45,7,3,6
BRDA:53,8,0,11
BRDA:53,8,1,5
BRDA:55,9,0,11
BRDA:55,9,1,10
BRDA:55,9,2,5
BRDA:56,10,0,11
BRDA:56,10,1,0
BRDA:56,10,2,0
BRDA:62,11,0,3
BRDA:62,11,1,2
BRDA:66,12,0,3
BRDA:66,12,1,2
BRDA:66,12,2,1
BRDA:66,12,3,0
BRDA:66,12,4,1
BRDA:70,13,0,3
BRDA:70,13,1,2
BRDA:70,13,2,1
BRDA:70,13,3,0
BRDA:70,13,4,1
BRDA:70,13,5,1
BRDA:70,13,6,0
BRDA:129,14,0,1
BRDA:129,14,1,1
BRDA:141,15,0,1
BRDA:141,15,1,0
BRDA:142,16,0,1
BRDA:142,16,1,0
BRDA:155,17,0,1
BRDA:155,17,1,4
BRDA:173,18,0,2
BRDA:173,18,1,0
BRDA:174,19,0,2
BRDA:174,19,1,1
BRDA:181,20,0,2
BRDA:181,20,1,1
BRDA:183,21,0,1
BRDA:183,21,1,1
BRDA:184,22,0,1
BRDA:184,22,1,1
BRDA:190,23,0,1
BRDA:190,23,1,1
BRDA:212,24,0,1
BRDA:212,24,1,0
BRDA:226,25,0,2
BRDA:226,25,1,4
BRDA:227,26,0,6
BRDA:227,26,1,4
BRDA:227,26,2,4
BRDA:237,27,0,2
BRDA:237,27,1,0
BRDA:238,28,0,2
BRDA:238,28,1,0
BRDA:243,29,0,1
BRDA:243,29,1,3
BRDA:259,30,0,2
BRDA:259,30,1,0
BRDA:263,31,0,2
BRDA:263,31,1,1
BRDA:281,32,0,1
BRDA:281,32,1,1
BRDA:310,33,0,1
BRDA:310,33,1,0
BRDA:327,34,0,1
BRDA:327,34,1,1
BRDA:330,35,0,1
BRDA:330,35,1,0
BRDA:330,35,2,1
BRDA:330,35,3,1
BRDA:330,35,4,0
BRDA:364,36,0,3
BRDA:364,36,1,0
BRDA:365,37,0,3
BRDA:365,37,1,1
BRDA:366,38,0,3
BRDA:366,38,1,1
BRDA:367,39,0,1
BRDA:367,39,1,2
BRDA:408,40,0,1
BRDA:408,40,1,1
BRF:106
BRH:88
end_of_record
TN:
SF:src/screens/auth/CompleteProfileScreen.tsx
FN:17,(anonymous_0)
FN:24,CompleteProfileScreen
FN:26,(anonymous_2)
FN:52,(anonymous_3)
FN:94,(anonymous_4)
FN:112,(anonymous_5)
FN:134,(anonymous_6)
FN:152,(anonymous_7)
FN:168,(anonymous_8)
FN:195,(anonymous_9)
FN:207,(anonymous_10)
FNF:11
FNH:11
FNDA:14,(anonymous_0)
FNDA:42,CompleteProfileScreen
FNDA:12,(anonymous_2)
FNDA:5,(anonymous_3)
FNDA:1,(anonymous_4)
FNDA:3,(anonymous_5)
FNDA:50,(anonymous_6)
FNDA:43,(anonymous_7)
FNDA:6,(anonymous_8)
FNDA:1,(anonymous_9)
FNDA:12,(anonymous_10)
DA:13,2
DA:17,14
DA:25,42
DA:26,42
DA:27,42
DA:28,42
DA:29,42
DA:31,42
DA:39,42
DA:49,42
DA:50,42
DA:52,42
DA:53,5
DA:54,5
DA:55,5
DA:57,5
DA:63,5
DA:64,1
DA:69,5
DA:72,42
DA:94,1
DA:112,3
DA:135,50
DA:153,43
DA:168,6
DA:195,1
DA:207,12
LF:27
LH:27
BRDA:31,0,0,42
BRDA:31,0,1,0
BRDA:42,1,0,42
BRDA:42,1,1,40
BRDA:43,2,0,42
BRDA:43,2,1,42
BRDA:44,3,0,42
BRDA:44,3,1,40
BRDA:59,4,0,5
BRDA:59,4,1,4
BRDA:63,5,0,1
BRDA:63,5,1,4
BRDA:64,6,0,1
BRDA:64,6,1,0
BRDA:75,7,0,42
BRDA:75,7,1,0
BRDA:83,8,0,42
BRDA:83,8,1,40
BRDA:83,8,2,3
BRDA:85,9,0,3
BRDA:85,9,1,2
BRDA:93,10,0,42
BRDA:93,10,1,33
BRDA:97,11,0,42
BRDA:97,11,1,33
BRDA:100,12,0,33
BRDA:100,12,1,9
BRDA:104,13,0,42
BRDA:104,13,1,33
BRDA:111,14,0,42
BRDA:111,14,1,9
BRDA:115,15,0,42
BRDA:115,15,1,9
BRDA:118,16,0,9
BRDA:118,16,1,33
BRDA:122,17,0,42
BRDA:122,17,1,9
BRDA:128,18,0,42
BRDA:128,18,1,0
BRDA:171,19,0,42
BRDA:171,19,1,12
BRDA:172,20,0,42
BRDA:172,20,1,12
BRDA:179,21,0,42
BRDA:179,21,1,2
BRDA:215,22,0,12
BRDA:215,22,1,0
BRF:47
BRH:42
end_of_record
TN:
SF:src/screens/auth/LoginScreen.tsx
FN:46,validateForm
FN:67,(anonymous_1)
FN:69,(anonymous_2)
FN:87,(anonymous_3)
FN:89,(anonymous_4)
FN:96,(anonymous_5)
FN:98,(anonymous_6)
FN:104,(anonymous_7)
FN:129,(anonymous_8)
FN:151,(anonymous_9)
FN:208,(anonymous_10)
FN:239,(anonymous_11)
FN:253,(anonymous_12)
FN:262,(anonymous_13)
FN:273,(anonymous_14)
FN:290,(anonymous_15)
FN:310,(anonymous_16)
FNF:17
FNH:14
FNDA:5,validateForm
FNDA:39,(anonymous_1)
FNDA:14,(anonymous_2)
FNDA:10,(anonymous_3)
FNDA:1,(anonymous_4)
FNDA:4,(anonymous_5)
FNDA:0,(anonymous_6)
FNDA:5,(anonymous_7)
FNDA:3,(anonymous_8)
FNDA:5,(anonymous_9)
FNDA:2,(anonymous_10)
FNDA:10,(anonymous_11)
FNDA:4,(anonymous_12)
FNDA:0,(anonymous_13)
FNDA:0,(anonymous_14)
FNDA:5,(anonymous_15)
FNDA:14,(anonymous_16)
DA:39,2
DA:47,5
DA:48,5
DA:49,1
DA:50,4
DA:51,0
DA:53,5
DA:54,1
DA:55,4
DA:56,1
DA:58,5
DA:67,2
DA:68,39
DA:69,39
DA:77,39
DA:78,39
DA:80,39
DA:81,39
DA:82,39
DA:83,39
DA:84,39
DA:86,39
DA:88,10
DA:89,10
DA:90,10
DA:95,39
DA:97,4
DA:98,4
DA:99,4
DA:104,39
DA:105,5
DA:106,1
DA:107,1
DA:109,4
DA:110,1
DA:111,1
DA:116,3
DA:117,3
DA:124,3
DA:125,3
DA:128,3
DA:129,3
DA:131,3
DA:133,2
DA:145,3
DA:151,39
DA:153,5
DA:154,5
DA:155,2
DA:156,2
DA:160,3
DA:161,3
DA:164,2
DA:165,1
DA:170,39
DA:209,2
DA:210,2
DA:211,2
DA:212,2
DA:213,2
DA:220,0
DA:239,10
DA:253,4
DA:262,0
DA:273,0
DA:291,5
DA:292,5
DA:293,5
DA:310,14
LF:69
LH:65
BRDA:48,0,0,1
BRDA:48,0,1,4
BRDA:50,1,0,0
BRDA:50,1,1,4
BRDA:53,2,0,1
BRDA:53,2,1,4
BRDA:55,3,0,1
BRDA:55,3,1,3
BRDA:89,4,0,1
BRDA:89,4,1,9
BRDA:90,5,0,0
BRDA:90,5,1,10
BRDA:98,6,0,0
BRDA:98,6,1,4
BRDA:99,7,0,0
BRDA:99,7,1,4
BRDA:105,8,0,1
BRDA:105,8,1,4
BRDA:109,9,0,1
BRDA:109,9,1,3
BRDA:129,10,0,3
BRDA:129,10,1,3
BRDA:131,11,0,2
BRDA:131,11,1,1
BRDA:139,12,0,1
BRDA:139,12,1,1
BRDA:145,13,0,1
BRDA:145,13,1,2
BRDA:154,14,0,2
BRDA:154,14,1,3
BRDA:161,15,0,2
BRDA:161,15,1,1
BRDA:164,16,0,1
BRDA:164,16,1,1
BRDA:174,17,0,39
BRDA:174,17,1,0
BRDA:186,18,0,24
BRDA:186,18,1,15
BRDA:188,19,0,24
BRDA:188,19,1,15
BRDA:195,20,0,39
BRDA:195,20,1,1
BRDA:204,21,0,6
BRDA:204,21,1,33
BRDA:207,22,0,6
BRDA:207,22,1,6
BRDA:207,22,2,6
BRDA:212,23,0,2
BRDA:212,23,1,0
BRDA:214,24,0,1
BRDA:214,24,1,1
BRDA:221,25,0,0
BRDA:221,25,1,0
BRDA:221,25,2,0
BRDA:230,26,0,0
BRDA:230,26,1,6
BRDA:247,27,0,39
BRDA:247,27,1,15
BRDA:266,28,0,0
BRDA:266,28,1,15
BRDA:282,29,0,24
BRDA:282,29,1,15
BRDA:283,30,0,24
BRDA:283,30,1,15
BRDA:298,31,0,24
BRDA:298,31,1,15
BRF:66
BRH:55
end_of_record
TN:
SF:src/screens/auth/VerifyOtpScreen.tsx
FN:46,(anonymous_0)
FN:61,(anonymous_1)
FN:69,(anonymous_2)
FN:70,(anonymous_3)
FN:82,(anonymous_4)
FN:90,(anonymous_5)
FN:129,VerifyOtpScreen
FN:132,(anonymous_7)
FN:152,(anonymous_8)
FN:154,(anonymous_9)
FN:159,(anonymous_10)
FN:183,(anonymous_11)
FN:187,(anonymous_12)
FN:196,(anonymous_13)
FN:199,(anonymous_14)
FN:222,(anonymous_15)
FN:232,(anonymous_16)
FN:265,(anonymous_17)
FN:272,(anonymous_18)
FN:287,(anonymous_19)
FN:323,(anonymous_20)
FN:332,(anonymous_21)
FN:333,(anonymous_22)
FN:360,(anonymous_23)
FN:371,(anonymous_24)
FNF:25
FNH:22
FNDA:35,(anonymous_0)
FNDA:19,(anonymous_1)
FNDA:81,(anonymous_2)
FNDA:81,(anonymous_3)
FNDA:17,(anonymous_4)
FNDA:2,(anonymous_5)
FNDA:28,VerifyOtpScreen
FNDA:16,(anonymous_7)
FNDA:16,(anonymous_8)
FNDA:16,(anonymous_9)
FNDA:16,(anonymous_10)
FNDA:17,(anonymous_11)
FNDA:1,(anonymous_12)
FNDA:2,(anonymous_13)
FNDA:9,(anonymous_14)
FNDA:0,(anonymous_15)
FNDA:7,(anonymous_16)
FNDA:16,(anonymous_17)
FNDA:65,(anonymous_18)
FNDA:0,(anonymous_19)
FNDA:168,(anonymous_20)
FNDA:9,(anonymous_21)
FNDA:0,(anonymous_22)
FNDA:1,(anonymous_23)
FNDA:16,(anonymous_24)
DA:46,2
DA:57,35
DA:58,35
DA:59,35
DA:61,35
DA:62,19
DA:63,0
DA:64,0
DA:67,19
DA:69,17
DA:70,81
DA:71,81
DA:72,4
DA:73,2
DA:74,2
DA:76,4
DA:78,77
DA:82,17
DA:83,17
DA:84,15
DA:85,15
DA:90,35
DA:91,2
DA:92,2
DA:93,2
DA:95,2
DA:97,2
DA:99,2
DA:100,1
DA:101,1
DA:102,1
DA:103,1
DA:105,1
DA:109,35
DA:130,28
DA:131,28
DA:132,28
DA:134,28
DA:136,28
DA:137,28
DA:138,28
DA:139,28
DA:142,28
DA:152,28
DA:153,16
DA:154,16
DA:159,28
DA:160,16
DA:162,16
DA:164,1
DA:165,1
DA:166,1
DA:167,1
DA:168,15
DA:170,1
DA:171,1
DA:172,1
DA:173,14
DA:175,0
DA:176,0
DA:177,0
DA:178,0
DA:183,28
DA:184,17
DA:185,17
DA:187,2
DA:189,1
DA:190,1
DA:191,1
DA:192,1
DA:196,2
DA:199,28
DA:200,9
DA:201,9
DA:203,9
DA:204,9
DA:205,7
DA:206,7
DA:207,7
DA:208,7
DA:211,2
DA:212,2
DA:213,2
DA:214,2
DA:217,2
DA:218,2
DA:222,28
DA:224,0
DA:225,0
DA:226,0
DA:227,0
DA:228,0
DA:232,28
DA:233,7
DA:234,7
DA:235,0
DA:236,0
DA:239,7
DA:240,7
DA:241,5
DA:243,2
DA:244,2
DA:245,1
DA:247,1
DA:250,3
DA:251,3
DA:253,3
DA:254,1
DA:256,2
DA:260,2
DA:265,28
DA:266,16
DA:267,16
DA:268,16
DA:269,15
DA:272,65
DA:274,28
DA:287,0
DA:324,168
DA:332,9
DA:333,0
DA:360,1
DA:371,2
DA:372,16
LF:124
LH:109
BRDA:62,0,0,0
BRDA:62,0,1,19
BRDA:67,1,0,2
BRDA:67,1,1,17
BRDA:71,2,0,4
BRDA:71,2,1,77
BRDA:72,3,0,2
BRDA:72,3,1,2
BRDA:83,4,0,15
BRDA:83,4,1,2
BRDA:88,5,0,32
BRDA:88,5,1,3
BRDA:99,6,0,1
BRDA:99,6,1,1
BRDA:105,7,0,1
BRDA:105,7,1,0
BRDA:111,8,0,32
BRDA:111,8,1,3
BRDA:118,9,0,3
BRDA:118,9,1,3
BRDA:121,10,0,0
BRDA:121,10,1,3
BRDA:162,11,0,1
BRDA:162,11,1,15
BRDA:168,12,0,1
BRDA:168,12,1,14
BRDA:173,13,0,0
BRDA:173,13,1,14
BRDA:173,14,0,14
BRDA:173,14,1,0
BRDA:185,15,0,15
BRDA:185,15,1,2
BRDA:185,16,0,17
BRDA:185,16,1,3
BRDA:189,17,0,1
BRDA:189,17,1,0
BRDA:204,18,0,7
BRDA:204,18,1,2
BRDA:217,19,0,2
BRDA:217,19,1,0
BRDA:217,20,0,2
BRDA:217,20,1,2
BRDA:224,21,0,0
BRDA:224,21,1,0
BRDA:224,22,0,0
BRDA:224,22,1,0
BRDA:224,22,2,0
BRDA:234,23,0,0
BRDA:234,23,1,7
BRDA:240,24,0,5
BRDA:240,24,1,2
BRDA:241,25,0,2
BRDA:241,25,1,3
BRDA:244,26,0,1
BRDA:244,26,1,1
BRDA:251,27,0,3
BRDA:251,27,1,2
BRDA:253,28,0,1
BRDA:253,28,1,2
BRDA:260,29,0,2
BRDA:260,29,1,1
BRDA:267,30,0,0
BRDA:267,30,1,16
BRDA:267,31,0,16
BRDA:267,31,1,16
BRDA:268,32,0,1
BRDA:268,32,1,15
BRDA:272,33,0,28
BRDA:272,33,1,7
BRDA:278,34,0,28
BRDA:278,34,1,0
BRDA:299,35,0,2
BRDA:299,35,1,26
BRDA:301,36,0,2
BRDA:301,36,1,24
BRDA:312,37,0,28
BRDA:312,37,1,28
BRDA:312,37,2,2
BRDA:315,38,0,2
BRDA:315,38,1,2
BRDA:329,39,0,44
BRDA:329,39,1,124
BRDA:348,40,0,28
BRDA:348,40,1,7
BRF:84
BRH:69
end_of_record
TN:
SF:src/services/authService.ts
FN:21,(anonymous_0)
FN:26,(anonymous_1)
FN:30,(anonymous_2)
FN:34,(anonymous_3)
FN:38,(anonymous_4)
FN:42,(anonymous_5)
FN:46,(anonymous_6)
FN:56,(anonymous_7)
FN:60,(anonymous_8)
FN:64,(anonymous_9)
FN:77,(anonymous_10)
FN:91,(anonymous_11)
FNF:12
FNH:12
FNDA:1,(anonymous_0)
FNDA:1,(anonymous_1)
FNDA:1,(anonymous_2)
FNDA:1,(anonymous_3)
FNDA:1,(anonymous_4)
FNDA:1,(anonymous_5)
FNDA:1,(anonymous_6)
FNDA:1,(anonymous_7)
FNDA:1,(anonymous_8)
FNDA:2,(anonymous_9)
FNDA:1,(anonymous_10)
FNDA:1,(anonymous_11)
DA:20,2
DA:22,1
DA:27,1
DA:31,1
DA:35,1
DA:39,1
DA:43,1
DA:53,1
DA:57,1
DA:61,1
DA:65,2
DA:82,1
DA:92,1
LF:13
LH:13
BRF:0
BRH:0
end_of_record
TN:
SF:src/store/authStore.ts
FN:69,(anonymous_0)
FN:82,(anonymous_1)
FN:86,(anonymous_2)
FN:99,(anonymous_3)
FN:101,(anonymous_4)
FN:103,(anonymous_5)
FN:105,(anonymous_6)
FN:137,(anonymous_7)
FN:141,(anonymous_8)
FN:176,(anonymous_9)
FN:215,(anonymous_10)
FN:228,(anonymous_11)
FN:250,(anonymous_12)
FN:269,(anonymous_13)
FN:281,(anonymous_14)
FN:299,(anonymous_15)
FN:305,(anonymous_16)
FN:307,(anonymous_17)
FN:335,(anonymous_18)
FN:367,(anonymous_19)
FN:410,(anonymous_20)
FN:428,(anonymous_21)
FN:446,(anonymous_22)
FN:447,(anonymous_23)
FN:448,(anonymous_24)
FN:465,(anonymous_25)
FNF:26
FNH:21
FNDA:3,(anonymous_0)
FNDA:1,(anonymous_1)
FNDA:1,(anonymous_2)
FNDA:0,(anonymous_3)
FNDA:3,(anonymous_4)
FNDA:0,(anonymous_5)
FNDA:3,(anonymous_6)
FNDA:1,(anonymous_7)
FNDA:3,(anonymous_8)
FNDA:5,(anonymous_9)
FNDA:2,(anonymous_10)
FNDA:3,(anonymous_11)
FNDA:0,(anonymous_12)
FNDA:0,(anonymous_13)
FNDA:2,(anonymous_14)
FNDA:1,(anonymous_15)
FNDA:0,(anonymous_16)
FNDA:7,(anonymous_17)
FNDA:3,(anonymous_18)
FNDA:6,(anonymous_19)
FNDA:3,(anonymous_20)
FNDA:2,(anonymous_21)
FNDA:3,(anonymous_22)
FNDA:3,(anonymous_23)
FNDA:3,(anonymous_24)
FNDA:115,(anonymous_25)
DA:67,3
DA:69,3
DA:82,1
DA:87,1
DA:95,1
DA:96,1
DA:99,0
DA:101,3
DA:103,0
DA:106,3
DA:107,3
DA:109,3
DA:110,3
DA:112,0
DA:114,3
DA:115,3
DA:117,0
DA:120,3
DA:121,3
DA:122,0
DA:125,3
DA:138,1
DA:142,3
DA:143,3
DA:145,3
DA:146,1
DA:151,1
DA:154,2
DA:155,1
DA:156,1
DA:157,1
DA:160,1
DA:171,1
DA:172,1
DA:173,1
DA:177,5
DA:178,5
DA:180,5
DA:181,1
DA:186,1
DA:193,4
DA:194,1
DA:195,1
DA:196,1
DA:199,3
DA:210,3
DA:211,3
DA:212,3
DA:216,2
DA:217,2
DA:218,2
DA:219,2
DA:220,1
DA:222,2
DA:224,2
DA:229,3
DA:230,3
DA:231,3
DA:232,3
DA:233,1
DA:234,1
DA:236,2
DA:237,2
DA:241,2
DA:242,2
DA:243,2
DA:246,2
DA:251,0
DA:252,0
DA:253,0
DA:254,0
DA:255,0
DA:256,0
DA:261,0
DA:263,0
DA:264,0
DA:265,0
DA:270,0
DA:271,0
DA:272,0
DA:273,0
DA:274,0
DA:276,0
DA:277,0
DA:278,0
DA:282,2
DA:283,1
DA:285,1
DA:286,1
DA:287,1
DA:288,1
DA:289,0
DA:293,1
DA:294,1
DA:295,0
DA:296,0
DA:298,1
DA:299,1
DA:301,1
DA:305,0
DA:308,7
DA:309,7
DA:311,7
DA:312,4
DA:313,4
DA:323,3
DA:324,3
DA:331,3
DA:335,3
DA:336,3
DA:337,3
DA:338,3
DA:339,1
DA:341,1
DA:343,1
DA:344,1
DA:345,0
DA:346,0
DA:348,1
DA:354,2
DA:355,1
DA:356,1
DA:361,1
DA:368,6
DA:369,6
DA:371,6
DA:372,1
DA:373,1
DA:377,5
DA:378,5
DA:380,5
DA:382,3
DA:393,3
DA:397,2
DA:407,2
DA:411,3
DA:412,3
DA:414,3
DA:415,1
DA:416,1
DA:419,2
DA:425,2
DA:429,2
DA:430,2
DA:431,2
DA:432,2
DA:433,1
DA:434,1
DA:436,1
DA:437,1
DA:438,1
DA:439,1
DA:440,1
DA:446,3
DA:448,3
DA:449,3
DA:450,0
DA:451,0
DA:454,3
DA:455,3
DA:457,3
DA:458,0
DA:459,0
DA:462,3
DA:465,115
LF:165
LH:132
BRDA:107,0,0,3
BRDA:107,0,1,0
BRDA:121,1,0,0
BRDA:121,1,1,3
BRDA:133,2,0,3
BRDA:133,2,1,1
BRDA:145,3,0,1
BRDA:145,3,1,2
BRDA:148,4,0,1
BRDA:148,4,1,0
BRDA:154,5,0,1
BRDA:154,5,1,1
BRDA:154,6,0,2
BRDA:154,6,1,1
BRDA:155,7,0,1
BRDA:155,7,1,0
BRDA:163,8,0,1
BRDA:163,8,1,0
BRDA:172,9,0,1
BRDA:172,9,1,0
BRDA:180,10,0,1
BRDA:180,10,1,4
BRDA:193,11,0,1
BRDA:193,11,1,3
BRDA:193,12,0,4
BRDA:193,12,1,3
BRDA:194,13,0,1
BRDA:194,13,1,0
BRDA:202,14,0,3
BRDA:202,14,1,2
BRDA:211,15,0,3
BRDA:211,15,1,2
BRDA:219,16,0,1
BRDA:219,16,1,1
BRDA:220,17,0,1
BRDA:220,17,1,0
BRDA:243,18,0,1
BRDA:243,18,1,1
BRDA:255,19,0,0
BRDA:255,19,1,0
BRDA:263,20,0,0
BRDA:263,20,1,0
BRDA:272,21,0,0
BRDA:272,21,1,0
BRDA:273,22,0,0
BRDA:273,22,1,0
BRDA:282,23,0,1
BRDA:282,23,1,1
BRDA:294,24,0,0
BRDA:294,24,1,1
BRDA:311,25,0,4
BRDA:311,25,1,3
BRDA:341,26,0,1
BRDA:341,26,1,0
BRDA:343,27,0,1
BRDA:343,27,1,0
BRDA:344,28,0,1
BRDA:344,28,1,1
BRDA:345,29,0,0
BRDA:345,29,1,0
BRDA:354,30,0,1
BRDA:354,30,1,1
BRDA:354,31,0,2
BRDA:354,31,1,1
BRDA:371,32,0,1
BRDA:371,32,1,5
BRDA:372,33,0,1
BRDA:372,33,1,0
BRDA:373,34,0,1
BRDA:373,34,1,0
BRDA:380,35,0,3
BRDA:380,35,1,2
BRDA:414,36,0,1
BRDA:414,36,1,2
BRDA:414,37,0,3
BRDA:414,37,1,2
BRDA:415,38,0,1
BRDA:415,38,1,0
BRDA:449,39,0,0
BRDA:449,39,1,3
BRDA:454,40,0,3
BRDA:454,40,1,0
BRDA:457,41,0,0
BRDA:457,41,1,3
BRF:84
BRH:57
end_of_record
